{"__type":"$$EventMessageAudit","id":"c783a1ea-89ec-45be-b171-4057f528a1d6","ts":"2026-01-21T16:22:29.695+00:00","eventName":"n8n.audit.user.login.success","message":"n8n.audit.user.login.success","payload":{"userId":"39b4cd89-0f17-463c-ad34-2c7cec5db3db","_email":"rafa.navarro.2006@gmail.com","_firstName":"Rafael","_lastName":"Navarro","globalRole":"global:owner","authenticationMethod":"email"}}
{"__type":"$$EventMessageConfirm","confirm":"c783a1ea-89ec-45be-b171-4057f528a1d6","ts":"2026-01-21T16:22:29.735+00:00","source":{"id":"0","name":"eventBus"}}
{"__type":"$$EventMessageAudit","id":"fa69ce4f-6ab4-4dec-b376-e07436c1188a","ts":"2026-01-21T16:25:52.194+00:00","eventName":"n8n.audit.workflow.created","message":"n8n.audit.workflow.created","payload":{"userId":"39b4cd89-0f17-463c-ad34-2c7cec5db3db","_email":"rafa.navarro.2006@gmail.com","_firstName":"Rafael","_lastName":"Navarro","globalRole":"global:owner","workflowId":"WnwTXrqtQtRu0zYI","workflowName":"workflow_fase-3"}}
{"__type":"$$EventMessageConfirm","confirm":"fa69ce4f-6ab4-4dec-b376-e07436c1188a","ts":"2026-01-21T16:25:52.194+00:00","source":{"id":"0","name":"eventBus"}}
{"__type":"$$EventMessageWorkflow","id":"af901b8d-577a-4be6-a3a8-a93f990a63cb","ts":"2026-01-21T16:25:53.470+00:00","eventName":"n8n.workflow.started","message":"n8n.workflow.started","payload":{"executionId":"34","workflowId":"WnwTXrqtQtRu0zYI","isManual":false,"workflowName":"workflow_fase-3"}}
{"__type":"$$EventMessageConfirm","confirm":"af901b8d-577a-4be6-a3a8-a93f990a63cb","ts":"2026-01-21T16:25:53.470+00:00","source":{"id":"0","name":"eventBus"}}
{"__type":"$$EventMessageNode","id":"b04ff789-e78f-4bf3-a3df-ad57ec976429","ts":"2026-01-21T16:25:53.472+00:00","eventName":"n8n.node.started","message":"n8n.node.started","payload":{"workflowId":"WnwTXrqtQtRu0zYI","workflowName":"workflow_fase-3","executionId":"34","nodeType":"n8n-nodes-base.code","nodeName":"nodo 4: detectar leyes","nodeId":"1f596134-7255-4b26-83ef-177e80a2ca09"}}
{"__type":"$$EventMessageConfirm","confirm":"b04ff789-e78f-4bf3-a3df-ad57ec976429","ts":"2026-01-21T16:25:53.472+00:00","source":{"id":"0","name":"eventBus"}}
{"__type":"$$EventMessageRunner","id":"35d64189-bad4-4f97-b80d-8eb356885a3f","ts":"2026-01-21T16:25:53.479+00:00","eventName":"n8n.runner.task.requested","message":"n8n.runner.task.requested","payload":{"taskId":"yH71lUGZ","nodeId":"1f596134-7255-4b26-83ef-177e80a2ca09","workflowId":"WnwTXrqtQtRu0zYI","executionId":"34"}}
{"__type":"$$EventMessageConfirm","confirm":"35d64189-bad4-4f97-b80d-8eb356885a3f","ts":"2026-01-21T16:25:53.479+00:00","source":{"id":"0","name":"eventBus"}}
{"__type":"$$EventMessageRunner","id":"fcc0ce82-ffe6-411c-abf0-c056a2ac394c","ts":"2026-01-21T16:25:53.542+00:00","eventName":"n8n.runner.response.received","message":"n8n.runner.response.received","payload":{"taskId":"yH71lUGZ","nodeId":"1f596134-7255-4b26-83ef-177e80a2ca09","workflowId":"WnwTXrqtQtRu0zYI","executionId":"34"}}
{"__type":"$$EventMessageConfirm","confirm":"fcc0ce82-ffe6-411c-abf0-c056a2ac394c","ts":"2026-01-21T16:25:53.542+00:00","source":{"id":"0","name":"eventBus"}}
{"__type":"$$EventMessageNode","id":"b6537bb1-ac10-484f-8f28-d568d8a203e6","ts":"2026-01-21T16:25:53.544+00:00","eventName":"n8n.node.finished","message":"n8n.node.finished","payload":{"workflowId":"WnwTXrqtQtRu0zYI","workflowName":"workflow_fase-3","executionId":"34","nodeType":"n8n-nodes-base.code","nodeName":"nodo 4: detectar leyes","nodeId":"1f596134-7255-4b26-83ef-177e80a2ca09"}}
{"__type":"$$EventMessageConfirm","confirm":"b6537bb1-ac10-484f-8f28-d568d8a203e6","ts":"2026-01-21T16:25:53.544+00:00","source":{"id":"0","name":"eventBus"}}
{"__type":"$$EventMessageNode","id":"2cc9614a-8d61-403a-bd9f-ad477fe5eef6","ts":"2026-01-21T16:25:53.546+00:00","eventName":"n8n.node.started","message":"n8n.node.started","payload":{"workflowId":"WnwTXrqtQtRu0zYI","workflowName":"workflow_fase-3","executionId":"34","nodeType":"n8n-nodes-base.code","nodeName":"Enriquecimiento Threat Intel","nodeId":"c8385269-9589-4f0e-823e-03a33ae16e42"}}
{"__type":"$$EventMessageConfirm","confirm":"2cc9614a-8d61-403a-bd9f-ad477fe5eef6","ts":"2026-01-21T16:25:53.546+00:00","source":{"id":"0","name":"eventBus"}}
{"__type":"$$EventMessageRunner","id":"ef0506f8-130b-47d0-847b-23be12fe5dd0","ts":"2026-01-21T16:25:53.548+00:00","eventName":"n8n.runner.task.requested","message":"n8n.runner.task.requested","payload":{"taskId":"T0LXVujb","nodeId":"c8385269-9589-4f0e-823e-03a33ae16e42","workflowId":"WnwTXrqtQtRu0zYI","executionId":"34"}}
{"__type":"$$EventMessageConfirm","confirm":"ef0506f8-130b-47d0-847b-23be12fe5dd0","ts":"2026-01-21T16:25:53.548+00:00","source":{"id":"0","name":"eventBus"}}
{"__type":"$$EventMessageRunner","id":"a966baa6-58a8-459a-b0ce-070894befa47","ts":"2026-01-21T16:25:53.560+00:00","eventName":"n8n.runner.response.received","message":"n8n.runner.response.received","payload":{"taskId":"T0LXVujb","nodeId":"c8385269-9589-4f0e-823e-03a33ae16e42","workflowId":"WnwTXrqtQtRu0zYI","executionId":"34"}}
{"__type":"$$EventMessageConfirm","confirm":"a966baa6-58a8-459a-b0ce-070894befa47","ts":"2026-01-21T16:25:53.560+00:00","source":{"id":"0","name":"eventBus"}}
{"__type":"$$EventMessageNode","id":"a6bef361-770d-4780-9b9c-dbaa49cd21e3","ts":"2026-01-21T16:25:53.561+00:00","eventName":"n8n.node.finished","message":"n8n.node.finished","payload":{"workflowId":"WnwTXrqtQtRu0zYI","workflowName":"workflow_fase-3","executionId":"34","nodeType":"n8n-nodes-base.code","nodeName":"Enriquecimiento Threat Intel","nodeId":"c8385269-9589-4f0e-823e-03a33ae16e42"}}
{"__type":"$$EventMessageConfirm","confirm":"a6bef361-770d-4780-9b9c-dbaa49cd21e3","ts":"2026-01-21T16:25:53.561+00:00","source":{"id":"0","name":"eventBus"}}
{"__type":"$$EventMessageNode","id":"96d0d413-b3fd-4f65-8d5f-6a3e1cdf8d9d","ts":"2026-01-21T16:25:53.562+00:00","eventName":"n8n.node.started","message":"n8n.node.started","payload":{"workflowId":"WnwTXrqtQtRu0zYI","workflowName":"workflow_fase-3","executionId":"34","nodeType":"n8n-nodes-base.switch","nodeName":"Switch","nodeId":"880c72b3-8570-49a9-93fe-5c22896651e5"}}
{"__type":"$$EventMessageConfirm","confirm":"96d0d413-b3fd-4f65-8d5f-6a3e1cdf8d9d","ts":"2026-01-21T16:25:53.562+00:00","source":{"id":"0","name":"eventBus"}}
{"__type":"$$EventMessageNode","id":"96ddb502-08d8-495c-a891-53dd20d084d8","ts":"2026-01-21T11:25:53.618-05:00","eventName":"n8n.node.finished","message":"n8n.node.finished","payload":{"workflowId":"WnwTXrqtQtRu0zYI","workflowName":"workflow_fase-3","executionId":"34","nodeType":"n8n-nodes-base.switch","nodeName":"Switch","nodeId":"880c72b3-8570-49a9-93fe-5c22896651e5"}}
{"__type":"$$EventMessageConfirm","confirm":"96ddb502-08d8-495c-a891-53dd20d084d8","ts":"2026-01-21T11:25:53.618-05:00","source":{"id":"0","name":"eventBus"}}
{"__type":"$$EventMessageWorkflow","id":"d186cbc4-a2df-4662-8f9f-8109375d045b","ts":"2026-01-21T11:25:53.620-05:00","eventName":"n8n.workflow.success","message":"n8n.workflow.success","payload":{"userId":"39b4cd89-0f17-463c-ad34-2c7cec5db3db","executionId":"34","success":true,"isManual":true,"workflowId":"WnwTXrqtQtRu0zYI","workflowName":"workflow_fase-3"}}
{"__type":"$$EventMessageConfirm","confirm":"d186cbc4-a2df-4662-8f9f-8109375d045b","ts":"2026-01-21T11:25:53.620-05:00","source":{"id":"0","name":"eventBus"}}
{"__type":"$$EventMessageAudit","id":"2f926285-c8ac-4475-9cd0-5358d60d1feb","ts":"2026-01-21T11:28:25.805-05:00","eventName":"n8n.audit.user.credentials.updated","message":"n8n.audit.user.credentials.updated","payload":{"userId":"39b4cd89-0f17-463c-ad34-2c7cec5db3db","_email":"rafa.navarro.2006@gmail.com","_firstName":"Rafael","_lastName":"Navarro","globalRole":"global:owner","credentialType":"postgres","credentialId":"r8E3lBSiHtUFH6fE"}}
{"__type":"$$EventMessageConfirm","confirm":"2f926285-c8ac-4475-9cd0-5358d60d1feb","ts":"2026-01-21T11:28:25.805-05:00","source":{"id":"0","name":"eventBus"}}
{"__type":"$$EventMessageWorkflow","id":"d1d7af21-9954-476a-8811-c23c55d610a0","ts":"2026-01-21T11:28:29.127-05:00","eventName":"n8n.workflow.started","message":"n8n.workflow.started","payload":{"executionId":"35","workflowId":"WnwTXrqtQtRu0zYI","isManual":false,"workflowName":"workflow_fase-3"}}
{"__type":"$$EventMessageConfirm","confirm":"d1d7af21-9954-476a-8811-c23c55d610a0","ts":"2026-01-21T11:28:29.128-05:00","source":{"id":"0","name":"eventBus"}}
{"__type":"$$EventMessageWorkflow","id":"5ccb1968-0f17-446c-9154-70ced7b494cc","ts":"2026-01-21T11:28:29.131-05:00","eventName":"n8n.workflow.success","message":"n8n.workflow.success","payload":{"userId":"39b4cd89-0f17-463c-ad34-2c7cec5db3db","executionId":"35","success":true,"isManual":true,"workflowId":"WnwTXrqtQtRu0zYI","workflowName":"workflow_fase-3"}}
{"__type":"$$EventMessageConfirm","confirm":"5ccb1968-0f17-446c-9154-70ced7b494cc","ts":"2026-01-21T11:28:29.131-05:00","source":{"id":"0","name":"eventBus"}}
{"__type":"$$EventMessageAudit","id":"fe9d7c68-d8df-4ec3-935f-1bfa75de3d2d","ts":"2026-01-21T11:34:40.502-05:00","eventName":"n8n.audit.workflow.updated","message":"n8n.audit.workflow.updated","payload":{"userId":"39b4cd89-0f17-463c-ad34-2c7cec5db3db","_email":"rafa.navarro.2006@gmail.com","_firstName":"Rafael","_lastName":"Navarro","globalRole":"global:owner","workflowId":"WnwTXrqtQtRu0zYI","workflowName":"workflow_fase-3"}}
{"__type":"$$EventMessageConfirm","confirm":"fe9d7c68-d8df-4ec3-935f-1bfa75de3d2d","ts":"2026-01-21T11:34:40.502-05:00","source":{"id":"0","name":"eventBus"}}
{"__type":"$$EventMessageWorkflow","id":"4bface6f-15ed-4ab6-ad4b-f958543db95e","ts":"2026-01-21T11:34:41.257-05:00","eventName":"n8n.workflow.started","message":"n8n.workflow.started","payload":{"executionId":"36","workflowId":"WnwTXrqtQtRu0zYI","isManual":false,"workflowName":"workflow_fase-3"}}
{"__type":"$$EventMessageConfirm","confirm":"4bface6f-15ed-4ab6-ad4b-f958543db95e","ts":"2026-01-21T11:34:41.257-05:00","source":{"id":"0","name":"eventBus"}}
{"__type":"$$EventMessageNode","id":"424bc3d3-469b-4932-87f9-460308bcaaae","ts":"2026-01-21T11:34:41.258-05:00","eventName":"n8n.node.started","message":"n8n.node.started","payload":{"workflowId":"WnwTXrqtQtRu0zYI","workflowName":"workflow_fase-3","executionId":"36","nodeType":"n8n-nodes-base.scheduleTrigger","nodeName":"Schedule Trigger","nodeId":"ced7dde5-f052-4ee7-a2c4-8728e6b96ae7"}}
{"__type":"$$EventMessageConfirm","confirm":"424bc3d3-469b-4932-87f9-460308bcaaae","ts":"2026-01-21T11:34:41.258-05:00","source":{"id":"0","name":"eventBus"}}
{"__type":"$$EventMessageNode","id":"5c28e27b-c717-400c-96c4-4e424e3e0a37","ts":"2026-01-21T11:34:41.267-05:00","eventName":"n8n.node.finished","message":"n8n.node.finished","payload":{"workflowId":"WnwTXrqtQtRu0zYI","workflowName":"workflow_fase-3","executionId":"36","nodeType":"n8n-nodes-base.scheduleTrigger","nodeName":"Schedule Trigger","nodeId":"ced7dde5-f052-4ee7-a2c4-8728e6b96ae7"}}
{"__type":"$$EventMessageConfirm","confirm":"5c28e27b-c717-400c-96c4-4e424e3e0a37","ts":"2026-01-21T11:34:41.267-05:00","source":{"id":"0","name":"eventBus"}}
{"__type":"$$EventMessageNode","id":"0d791c68-e92d-41e9-af46-21f8a78440bf","ts":"2026-01-21T11:34:41.268-05:00","eventName":"n8n.node.started","message":"n8n.node.started","payload":{"workflowId":"WnwTXrqtQtRu0zYI","workflowName":"workflow_fase-3","executionId":"36","nodeType":"n8n-nodes-base.readWriteFile","nodeName":"Read/Write Files from Disk","nodeId":"a19bcd29-6753-4ec7-add2-c3c1e2e8a69d"}}
{"__type":"$$EventMessageConfirm","confirm":"0d791c68-e92d-41e9-af46-21f8a78440bf","ts":"2026-01-21T11:34:41.268-05:00","source":{"id":"0","name":"eventBus"}}
{"__type":"$$EventMessageNode","id":"4abd1624-a010-465d-baf9-d73e276c5a27","ts":"2026-01-21T11:34:41.273-05:00","eventName":"n8n.node.finished","message":"n8n.node.finished","payload":{"workflowId":"WnwTXrqtQtRu0zYI","workflowName":"workflow_fase-3","executionId":"36","nodeType":"n8n-nodes-base.readWriteFile","nodeName":"Read/Write Files from Disk","nodeId":"a19bcd29-6753-4ec7-add2-c3c1e2e8a69d"}}
{"__type":"$$EventMessageConfirm","confirm":"4abd1624-a010-465d-baf9-d73e276c5a27","ts":"2026-01-21T11:34:41.273-05:00","source":{"id":"0","name":"eventBus"}}
{"__type":"$$EventMessageWorkflow","id":"85023e6f-987b-4dc0-82a2-d0a728cea361","ts":"2026-01-21T11:34:41.273-05:00","eventName":"n8n.workflow.success","message":"n8n.workflow.success","payload":{"userId":"39b4cd89-0f17-463c-ad34-2c7cec5db3db","executionId":"36","success":true,"isManual":true,"workflowId":"WnwTXrqtQtRu0zYI","workflowName":"workflow_fase-3"}}
{"__type":"$$EventMessageConfirm","confirm":"85023e6f-987b-4dc0-82a2-d0a728cea361","ts":"2026-01-21T11:34:41.274-05:00","source":{"id":"0","name":"eventBus"}}
{"__type":"$$EventMessageWorkflow","id":"d730101e-a9ed-4319-a5ba-fdc114fab176","ts":"2026-01-21T11:34:44.968-05:00","eventName":"n8n.workflow.started","message":"n8n.workflow.started","payload":{"executionId":"37","workflowId":"WnwTXrqtQtRu0zYI","isManual":false,"workflowName":"workflow_fase-3"}}
{"__type":"$$EventMessageConfirm","confirm":"d730101e-a9ed-4319-a5ba-fdc114fab176","ts":"2026-01-21T11:34:44.968-05:00","source":{"id":"0","name":"eventBus"}}
{"__type":"$$EventMessageNode","id":"ee0b1299-f8c2-413a-b358-fd4daba8fb27","ts":"2026-01-21T11:34:44.968-05:00","eventName":"n8n.node.started","message":"n8n.node.started","payload":{"workflowId":"WnwTXrqtQtRu0zYI","workflowName":"workflow_fase-3","executionId":"37","nodeType":"n8n-nodes-base.scheduleTrigger","nodeName":"Schedule Trigger","nodeId":"ced7dde5-f052-4ee7-a2c4-8728e6b96ae7"}}
{"__type":"$$EventMessageConfirm","confirm":"ee0b1299-f8c2-413a-b358-fd4daba8fb27","ts":"2026-01-21T11:34:44.968-05:00","source":{"id":"0","name":"eventBus"}}
{"__type":"$$EventMessageNode","id":"1b4f1192-026f-4cb2-8341-f58b225bd61f","ts":"2026-01-21T11:34:44.970-05:00","eventName":"n8n.node.finished","message":"n8n.node.finished","payload":{"workflowId":"WnwTXrqtQtRu0zYI","workflowName":"workflow_fase-3","executionId":"37","nodeType":"n8n-nodes-base.scheduleTrigger","nodeName":"Schedule Trigger","nodeId":"ced7dde5-f052-4ee7-a2c4-8728e6b96ae7"}}
{"__type":"$$EventMessageConfirm","confirm":"1b4f1192-026f-4cb2-8341-f58b225bd61f","ts":"2026-01-21T11:34:44.970-05:00","source":{"id":"0","name":"eventBus"}}
{"__type":"$$EventMessageNode","id":"621ac699-da22-46a8-9991-8905c76cf011","ts":"2026-01-21T11:34:44.971-05:00","eventName":"n8n.node.started","message":"n8n.node.started","payload":{"workflowId":"WnwTXrqtQtRu0zYI","workflowName":"workflow_fase-3","executionId":"37","nodeType":"n8n-nodes-base.readWriteFile","nodeName":"Read/Write Files from Disk","nodeId":"a19bcd29-6753-4ec7-add2-c3c1e2e8a69d"}}
{"__type":"$$EventMessageConfirm","confirm":"621ac699-da22-46a8-9991-8905c76cf011","ts":"2026-01-21T11:34:44.971-05:00","source":{"id":"0","name":"eventBus"}}
{"__type":"$$EventMessageNode","id":"97699f61-65e5-4900-a342-d8ff7830982c","ts":"2026-01-21T11:34:44.972-05:00","eventName":"n8n.node.finished","message":"n8n.node.finished","payload":{"workflowId":"WnwTXrqtQtRu0zYI","workflowName":"workflow_fase-3","executionId":"37","nodeType":"n8n-nodes-base.readWriteFile","nodeName":"Read/Write Files from Disk","nodeId":"a19bcd29-6753-4ec7-add2-c3c1e2e8a69d"}}
{"__type":"$$EventMessageConfirm","confirm":"97699f61-65e5-4900-a342-d8ff7830982c","ts":"2026-01-21T11:34:44.972-05:00","source":{"id":"0","name":"eventBus"}}
{"__type":"$$EventMessageWorkflow","id":"d6e86bcf-e65e-4500-8137-b90325c400e2","ts":"2026-01-21T11:34:44.972-05:00","eventName":"n8n.workflow.success","message":"n8n.workflow.success","payload":{"userId":"39b4cd89-0f17-463c-ad34-2c7cec5db3db","executionId":"37","success":true,"isManual":true,"workflowId":"WnwTXrqtQtRu0zYI","workflowName":"workflow_fase-3"}}
{"__type":"$$EventMessageConfirm","confirm":"d6e86bcf-e65e-4500-8137-b90325c400e2","ts":"2026-01-21T11:34:44.972-05:00","source":{"id":"0","name":"eventBus"}}
{"__type":"$$EventMessageWorkflow","id":"8a36d19f-7ba6-4bce-a181-7ba0d53e8eca","ts":"2026-01-21T11:34:52.443-05:00","eventName":"n8n.workflow.started","message":"n8n.workflow.started","payload":{"executionId":"38","workflowId":"WnwTXrqtQtRu0zYI","isManual":false,"workflowName":"workflow_fase-3"}}
{"__type":"$$EventMessageConfirm","confirm":"8a36d19f-7ba6-4bce-a181-7ba0d53e8eca","ts":"2026-01-21T11:34:52.443-05:00","source":{"id":"0","name":"eventBus"}}
{"__type":"$$EventMessageWorkflow","id":"c690f0db-de9c-41e8-82ad-90f078ef5a46","ts":"2026-01-21T11:34:52.444-05:00","eventName":"n8n.workflow.success","message":"n8n.workflow.success","payload":{"userId":"39b4cd89-0f17-463c-ad34-2c7cec5db3db","executionId":"38","success":true,"isManual":true,"workflowId":"WnwTXrqtQtRu0zYI","workflowName":"workflow_fase-3"}}
{"__type":"$$EventMessageConfirm","confirm":"c690f0db-de9c-41e8-82ad-90f078ef5a46","ts":"2026-01-21T11:34:52.444-05:00","source":{"id":"0","name":"eventBus"}}
{"__type":"$$EventMessageWorkflow","id":"2b29cfde-76e2-4f8c-8527-45155b9cd0a1","ts":"2026-01-21T11:34:59.719-05:00","eventName":"n8n.workflow.started","message":"n8n.workflow.started","payload":{"executionId":"39","workflowId":"WnwTXrqtQtRu0zYI","isManual":false,"workflowName":"workflow_fase-3"}}
{"__type":"$$EventMessageConfirm","confirm":"2b29cfde-76e2-4f8c-8527-45155b9cd0a1","ts":"2026-01-21T11:34:59.719-05:00","source":{"id":"0","name":"eventBus"}}
{"__type":"$$EventMessageNode","id":"73d83d9b-f8bc-490a-acbf-4ae5911ff9fe","ts":"2026-01-21T11:34:59.719-05:00","eventName":"n8n.node.started","message":"n8n.node.started","payload":{"workflowId":"WnwTXrqtQtRu0zYI","workflowName":"workflow_fase-3","executionId":"39","nodeType":"n8n-nodes-base.readWriteFile","nodeName":"Read/Write Files from Disk","nodeId":"a19bcd29-6753-4ec7-add2-c3c1e2e8a69d"}}
{"__type":"$$EventMessageConfirm","confirm":"73d83d9b-f8bc-490a-acbf-4ae5911ff9fe","ts":"2026-01-21T11:34:59.719-05:00","source":{"id":"0","name":"eventBus"}}
{"__type":"$$EventMessageNode","id":"594566ed-415b-40ff-84fd-23c5f539ccf4","ts":"2026-01-21T11:34:59.721-05:00","eventName":"n8n.node.finished","message":"n8n.node.finished","payload":{"workflowId":"WnwTXrqtQtRu0zYI","workflowName":"workflow_fase-3","executionId":"39","nodeType":"n8n-nodes-base.readWriteFile","nodeName":"Read/Write Files from Disk","nodeId":"a19bcd29-6753-4ec7-add2-c3c1e2e8a69d"}}
{"__type":"$$EventMessageConfirm","confirm":"594566ed-415b-40ff-84fd-23c5f539ccf4","ts":"2026-01-21T11:34:59.722-05:00","source":{"id":"0","name":"eventBus"}}
{"__type":"$$EventMessageWorkflow","id":"0b433396-e3e6-431e-8478-31c30f0da04c","ts":"2026-01-21T11:34:59.722-05:00","eventName":"n8n.workflow.success","message":"n8n.workflow.success","payload":{"userId":"39b4cd89-0f17-463c-ad34-2c7cec5db3db","executionId":"39","success":true,"isManual":true,"workflowId":"WnwTXrqtQtRu0zYI","workflowName":"workflow_fase-3"}}
{"__type":"$$EventMessageConfirm","confirm":"0b433396-e3e6-431e-8478-31c30f0da04c","ts":"2026-01-21T11:34:59.722-05:00","source":{"id":"0","name":"eventBus"}}
{"__type":"$$EventMessageWorkflow","id":"fcf2f993-3cc5-48ad-81e6-719b04c91f14","ts":"2026-01-21T11:35:24.817-05:00","eventName":"n8n.workflow.started","message":"n8n.workflow.started","payload":{"executionId":"40","workflowId":"WnwTXrqtQtRu0zYI","isManual":false,"workflowName":"workflow_fase-3"}}
{"__type":"$$EventMessageConfirm","confirm":"fcf2f993-3cc5-48ad-81e6-719b04c91f14","ts":"2026-01-21T11:35:24.817-05:00","source":{"id":"0","name":"eventBus"}}
{"__type":"$$EventMessageNode","id":"e913ba13-ab8e-4aab-9bec-1fc77ba0ac52","ts":"2026-01-21T11:35:24.817-05:00","eventName":"n8n.node.started","message":"n8n.node.started","payload":{"workflowId":"WnwTXrqtQtRu0zYI","workflowName":"workflow_fase-3","executionId":"40","nodeType":"n8n-nodes-base.scheduleTrigger","nodeName":"Schedule Trigger","nodeId":"ced7dde5-f052-4ee7-a2c4-8728e6b96ae7"}}
{"__type":"$$EventMessageConfirm","confirm":"e913ba13-ab8e-4aab-9bec-1fc77ba0ac52","ts":"2026-01-21T11:35:24.817-05:00","source":{"id":"0","name":"eventBus"}}
{"__type":"$$EventMessageNode","id":"bf63da12-801e-490b-80f7-f9fb62e3ab64","ts":"2026-01-21T11:35:24.819-05:00","eventName":"n8n.node.finished","message":"n8n.node.finished","payload":{"workflowId":"WnwTXrqtQtRu0zYI","workflowName":"workflow_fase-3","executionId":"40","nodeType":"n8n-nodes-base.scheduleTrigger","nodeName":"Schedule Trigger","nodeId":"ced7dde5-f052-4ee7-a2c4-8728e6b96ae7"}}
{"__type":"$$EventMessageConfirm","confirm":"bf63da12-801e-490b-80f7-f9fb62e3ab64","ts":"2026-01-21T11:35:24.819-05:00","source":{"id":"0","name":"eventBus"}}
{"__type":"$$EventMessageNode","id":"ae0788e2-12b7-43ed-9e63-02e5b9386b23","ts":"2026-01-21T11:35:24.820-05:00","eventName":"n8n.node.started","message":"n8n.node.started","payload":{"workflowId":"WnwTXrqtQtRu0zYI","workflowName":"workflow_fase-3","executionId":"40","nodeType":"n8n-nodes-base.readWriteFile","nodeName":"Read/Write Files from Disk","nodeId":"a19bcd29-6753-4ec7-add2-c3c1e2e8a69d"}}
{"__type":"$$EventMessageConfirm","confirm":"ae0788e2-12b7-43ed-9e63-02e5b9386b23","ts":"2026-01-21T11:35:24.820-05:00","source":{"id":"0","name":"eventBus"}}
{"__type":"$$EventMessageNode","id":"c3229339-e92e-4760-a8b3-d0661d016ac7","ts":"2026-01-21T11:35:24.822-05:00","eventName":"n8n.node.finished","message":"n8n.node.finished","payload":{"workflowId":"WnwTXrqtQtRu0zYI","workflowName":"workflow_fase-3","executionId":"40","nodeType":"n8n-nodes-base.readWriteFile","nodeName":"Read/Write Files from Disk","nodeId":"a19bcd29-6753-4ec7-add2-c3c1e2e8a69d"}}
{"__type":"$$EventMessageConfirm","confirm":"c3229339-e92e-4760-a8b3-d0661d016ac7","ts":"2026-01-21T11:35:24.822-05:00","source":{"id":"0","name":"eventBus"}}
{"__type":"$$EventMessageWorkflow","id":"40c8a40d-11e3-42b2-9419-797ea466d48d","ts":"2026-01-21T11:35:24.823-05:00","eventName":"n8n.workflow.success","message":"n8n.workflow.success","payload":{"userId":"39b4cd89-0f17-463c-ad34-2c7cec5db3db","executionId":"40","success":true,"isManual":true,"workflowId":"WnwTXrqtQtRu0zYI","workflowName":"workflow_fase-3"}}
{"__type":"$$EventMessageConfirm","confirm":"40c8a40d-11e3-42b2-9419-797ea466d48d","ts":"2026-01-21T11:35:24.823-05:00","source":{"id":"0","name":"eventBus"}}
{"__type":"$$EventMessageWorkflow","id":"c8efee4f-52a2-4c0e-8ad6-b8a3dc85d4e5","ts":"2026-01-21T11:36:03.574-05:00","eventName":"n8n.workflow.started","message":"n8n.workflow.started","payload":{"executionId":"41","workflowId":"WnwTXrqtQtRu0zYI","isManual":false,"workflowName":"workflow_fase-3"}}
{"__type":"$$EventMessageConfirm","confirm":"c8efee4f-52a2-4c0e-8ad6-b8a3dc85d4e5","ts":"2026-01-21T11:36:03.574-05:00","source":{"id":"0","name":"eventBus"}}
{"__type":"$$EventMessageNode","id":"2c53175f-e810-4d66-a6eb-2574890051a4","ts":"2026-01-21T11:36:03.575-05:00","eventName":"n8n.node.started","message":"n8n.node.started","payload":{"workflowId":"WnwTXrqtQtRu0zYI","workflowName":"workflow_fase-3","executionId":"41","nodeType":"n8n-nodes-base.readWriteFile","nodeName":"Read/Write Files from Disk","nodeId":"a19bcd29-6753-4ec7-add2-c3c1e2e8a69d"}}
{"__type":"$$EventMessageConfirm","confirm":"2c53175f-e810-4d66-a6eb-2574890051a4","ts":"2026-01-21T11:36:03.575-05:00","source":{"id":"0","name":"eventBus"}}
{"__type":"$$EventMessageNode","id":"f0de79cf-99ef-4384-93e7-784a08f95300","ts":"2026-01-21T11:36:03.577-05:00","eventName":"n8n.node.finished","message":"n8n.node.finished","payload":{"workflowId":"WnwTXrqtQtRu0zYI","workflowName":"workflow_fase-3","executionId":"41","nodeType":"n8n-nodes-base.readWriteFile","nodeName":"Read/Write Files from Disk","nodeId":"a19bcd29-6753-4ec7-add2-c3c1e2e8a69d"}}
{"__type":"$$EventMessageConfirm","confirm":"f0de79cf-99ef-4384-93e7-784a08f95300","ts":"2026-01-21T11:36:03.577-05:00","source":{"id":"0","name":"eventBus"}}
{"__type":"$$EventMessageWorkflow","id":"ff07bc1e-768b-4114-af65-432a19ee4777","ts":"2026-01-21T11:36:03.577-05:00","eventName":"n8n.workflow.success","message":"n8n.workflow.success","payload":{"userId":"39b4cd89-0f17-463c-ad34-2c7cec5db3db","executionId":"41","success":true,"isManual":true,"workflowId":"WnwTXrqtQtRu0zYI","workflowName":"workflow_fase-3"}}
{"__type":"$$EventMessageConfirm","confirm":"ff07bc1e-768b-4114-af65-432a19ee4777","ts":"2026-01-21T11:36:03.577-05:00","source":{"id":"0","name":"eventBus"}}
{"__type":"$$EventMessageWorkflow","id":"f3872812-39c9-47bf-9f51-27b26c1e049b","ts":"2026-01-21T11:37:13.589-05:00","eventName":"n8n.workflow.started","message":"n8n.workflow.started","payload":{"executionId":"42","workflowId":"WnwTXrqtQtRu0zYI","isManual":false,"workflowName":"workflow_fase-3"}}
{"__type":"$$EventMessageConfirm","confirm":"f3872812-39c9-47bf-9f51-27b26c1e049b","ts":"2026-01-21T11:37:13.589-05:00","source":{"id":"0","name":"eventBus"}}
{"__type":"$$EventMessageNode","id":"51ae45a1-b79a-43ad-9afd-d9f0c12fb834","ts":"2026-01-21T11:37:13.590-05:00","eventName":"n8n.node.started","message":"n8n.node.started","payload":{"workflowId":"WnwTXrqtQtRu0zYI","workflowName":"workflow_fase-3","executionId":"42","nodeType":"n8n-nodes-base.scheduleTrigger","nodeName":"Schedule Trigger","nodeId":"ced7dde5-f052-4ee7-a2c4-8728e6b96ae7"}}
{"__type":"$$EventMessageConfirm","confirm":"51ae45a1-b79a-43ad-9afd-d9f0c12fb834","ts":"2026-01-21T11:37:13.590-05:00","source":{"id":"0","name":"eventBus"}}
{"__type":"$$EventMessageNode","id":"0f68be98-d55b-4a9b-a643-62bd1ad503ed","ts":"2026-01-21T11:37:13.592-05:00","eventName":"n8n.node.finished","message":"n8n.node.finished","payload":{"workflowId":"WnwTXrqtQtRu0zYI","workflowName":"workflow_fase-3","executionId":"42","nodeType":"n8n-nodes-base.scheduleTrigger","nodeName":"Schedule Trigger","nodeId":"ced7dde5-f052-4ee7-a2c4-8728e6b96ae7"}}
{"__type":"$$EventMessageConfirm","confirm":"0f68be98-d55b-4a9b-a643-62bd1ad503ed","ts":"2026-01-21T11:37:13.592-05:00","source":{"id":"0","name":"eventBus"}}
{"__type":"$$EventMessageNode","id":"493759d9-3b1b-4815-b3e5-96f01fd9bd43","ts":"2026-01-21T11:37:13.593-05:00","eventName":"n8n.node.started","message":"n8n.node.started","payload":{"workflowId":"WnwTXrqtQtRu0zYI","workflowName":"workflow_fase-3","executionId":"42","nodeType":"n8n-nodes-base.readWriteFile","nodeName":"Read/Write Files from Disk","nodeId":"a19bcd29-6753-4ec7-add2-c3c1e2e8a69d"}}
{"__type":"$$EventMessageConfirm","confirm":"493759d9-3b1b-4815-b3e5-96f01fd9bd43","ts":"2026-01-21T11:37:13.593-05:00","source":{"id":"0","name":"eventBus"}}
{"__type":"$$EventMessageNode","id":"269f8cde-95c0-4b5f-af9c-a1c1ef41d7c2","ts":"2026-01-21T11:37:13.594-05:00","eventName":"n8n.node.finished","message":"n8n.node.finished","payload":{"workflowId":"WnwTXrqtQtRu0zYI","workflowName":"workflow_fase-3","executionId":"42","nodeType":"n8n-nodes-base.readWriteFile","nodeName":"Read/Write Files from Disk","nodeId":"a19bcd29-6753-4ec7-add2-c3c1e2e8a69d"}}
{"__type":"$$EventMessageConfirm","confirm":"269f8cde-95c0-4b5f-af9c-a1c1ef41d7c2","ts":"2026-01-21T11:37:13.594-05:00","source":{"id":"0","name":"eventBus"}}
{"__type":"$$EventMessageWorkflow","id":"c52c1bad-7fa8-4451-9057-d2b63ec2c2ab","ts":"2026-01-21T11:37:13.595-05:00","eventName":"n8n.workflow.success","message":"n8n.workflow.success","payload":{"userId":"39b4cd89-0f17-463c-ad34-2c7cec5db3db","executionId":"42","success":true,"isManual":true,"workflowId":"WnwTXrqtQtRu0zYI","workflowName":"workflow_fase-3"}}
{"__type":"$$EventMessageConfirm","confirm":"c52c1bad-7fa8-4451-9057-d2b63ec2c2ab","ts":"2026-01-21T11:37:13.595-05:00","source":{"id":"0","name":"eventBus"}}
