{"__type":"$$EventMessageWorkflow","id":"50851da2-2c6f-4fe6-8589-3324efd52cda","ts":"2026-01-21T16:39:52.410+00:00","eventName":"n8n.workflow.started","message":"n8n.workflow.started","payload":{"executionId":"43","workflowId":"WnwTXrqtQtRu0zYI","isManual":false,"workflowName":"workflow_fase-3"}}
{"__type":"$$EventMessageConfirm","confirm":"50851da2-2c6f-4fe6-8589-3324efd52cda","ts":"2026-01-21T16:39:52.410+00:00","source":{"id":"0","name":"eventBus"}}
{"__type":"$$EventMessageNode","id":"7674d327-f3f5-438c-9d91-70edf83575e9","ts":"2026-01-21T16:39:52.412+00:00","eventName":"n8n.node.started","message":"n8n.node.started","payload":{"workflowId":"WnwTXrqtQtRu0zYI","workflowName":"workflow_fase-3","executionId":"43","nodeType":"n8n-nodes-base.scheduleTrigger","nodeName":"Schedule Trigger","nodeId":"ced7dde5-f052-4ee7-a2c4-8728e6b96ae7"}}
{"__type":"$$EventMessageConfirm","confirm":"7674d327-f3f5-438c-9d91-70edf83575e9","ts":"2026-01-21T16:39:52.412+00:00","source":{"id":"0","name":"eventBus"}}
{"__type":"$$EventMessageNode","id":"472736a0-d232-4d05-80c7-c20f4cf4728d","ts":"2026-01-21T16:39:52.426+00:00","eventName":"n8n.node.finished","message":"n8n.node.finished","payload":{"workflowId":"WnwTXrqtQtRu0zYI","workflowName":"workflow_fase-3","executionId":"43","nodeType":"n8n-nodes-base.scheduleTrigger","nodeName":"Schedule Trigger","nodeId":"ced7dde5-f052-4ee7-a2c4-8728e6b96ae7"}}
{"__type":"$$EventMessageConfirm","confirm":"472736a0-d232-4d05-80c7-c20f4cf4728d","ts":"2026-01-21T16:39:52.426+00:00","source":{"id":"0","name":"eventBus"}}
{"__type":"$$EventMessageNode","id":"32602a9e-3f4a-4e7f-811f-301079ce00d9","ts":"2026-01-21T16:39:52.427+00:00","eventName":"n8n.node.started","message":"n8n.node.started","payload":{"workflowId":"WnwTXrqtQtRu0zYI","workflowName":"workflow_fase-3","executionId":"43","nodeType":"n8n-nodes-base.readWriteFile","nodeName":"Read/Write Files from Disk","nodeId":"a19bcd29-6753-4ec7-add2-c3c1e2e8a69d"}}
{"__type":"$$EventMessageConfirm","confirm":"32602a9e-3f4a-4e7f-811f-301079ce00d9","ts":"2026-01-21T16:39:52.427+00:00","source":{"id":"0","name":"eventBus"}}
{"__type":"$$EventMessageNode","id":"0b5f6645-5ec6-4523-8374-4c7d9984d1f4","ts":"2026-01-21T16:39:52.438+00:00","eventName":"n8n.node.finished","message":"n8n.node.finished","payload":{"workflowId":"WnwTXrqtQtRu0zYI","workflowName":"workflow_fase-3","executionId":"43","nodeType":"n8n-nodes-base.readWriteFile","nodeName":"Read/Write Files from Disk","nodeId":"a19bcd29-6753-4ec7-add2-c3c1e2e8a69d"}}
{"__type":"$$EventMessageConfirm","confirm":"0b5f6645-5ec6-4523-8374-4c7d9984d1f4","ts":"2026-01-21T16:39:52.438+00:00","source":{"id":"0","name":"eventBus"}}
{"__type":"$$EventMessageNode","id":"0f15dc23-1e3d-4789-a69f-34aeab090f28","ts":"2026-01-21T16:39:52.439+00:00","eventName":"n8n.node.started","message":"n8n.node.started","payload":{"workflowId":"WnwTXrqtQtRu0zYI","workflowName":"workflow_fase-3","executionId":"43","nodeType":"n8n-nodes-base.extractFromFile","nodeName":"Extract from File","nodeId":"7a5de3a5-26dc-4f93-8a19-cc69c09b77b1"}}
{"__type":"$$EventMessageConfirm","confirm":"0f15dc23-1e3d-4789-a69f-34aeab090f28","ts":"2026-01-21T16:39:52.439+00:00","source":{"id":"0","name":"eventBus"}}
{"__type":"$$EventMessageNode","id":"8070ba61-ef2b-4e0c-925a-ea1bc6a0c35e","ts":"2026-01-21T16:39:52.454+00:00","eventName":"n8n.node.finished","message":"n8n.node.finished","payload":{"workflowId":"WnwTXrqtQtRu0zYI","workflowName":"workflow_fase-3","executionId":"43","nodeType":"n8n-nodes-base.extractFromFile","nodeName":"Extract from File","nodeId":"7a5de3a5-26dc-4f93-8a19-cc69c09b77b1"}}
{"__type":"$$EventMessageConfirm","confirm":"8070ba61-ef2b-4e0c-925a-ea1bc6a0c35e","ts":"2026-01-21T16:39:52.454+00:00","source":{"id":"0","name":"eventBus"}}
{"__type":"$$EventMessageNode","id":"a2e54a72-7234-4202-b09a-536650056020","ts":"2026-01-21T16:39:52.455+00:00","eventName":"n8n.node.started","message":"n8n.node.started","payload":{"workflowId":"WnwTXrqtQtRu0zYI","workflowName":"workflow_fase-3","executionId":"43","nodeType":"n8n-nodes-base.code","nodeName":"Code in JavaScript","nodeId":"084a8775-5cc1-4eda-9ffd-2457cdd8c237"}}
{"__type":"$$EventMessageConfirm","confirm":"a2e54a72-7234-4202-b09a-536650056020","ts":"2026-01-21T16:39:52.455+00:00","source":{"id":"0","name":"eventBus"}}
{"__type":"$$EventMessageRunner","id":"cf73f650-51d8-4630-bdc5-36f7674dd77d","ts":"2026-01-21T16:39:52.459+00:00","eventName":"n8n.runner.task.requested","message":"n8n.runner.task.requested","payload":{"taskId":"l8a2Ae6x","nodeId":"084a8775-5cc1-4eda-9ffd-2457cdd8c237","workflowId":"WnwTXrqtQtRu0zYI","executionId":"43"}}
{"__type":"$$EventMessageConfirm","confirm":"cf73f650-51d8-4630-bdc5-36f7674dd77d","ts":"2026-01-21T16:39:52.459+00:00","source":{"id":"0","name":"eventBus"}}
{"__type":"$$EventMessageRunner","id":"7650edd0-2f03-475c-8803-d87cb9dec553","ts":"2026-01-21T16:39:52.495+00:00","eventName":"n8n.runner.response.received","message":"n8n.runner.response.received","payload":{"taskId":"l8a2Ae6x","nodeId":"084a8775-5cc1-4eda-9ffd-2457cdd8c237","workflowId":"WnwTXrqtQtRu0zYI","executionId":"43"}}
{"__type":"$$EventMessageConfirm","confirm":"7650edd0-2f03-475c-8803-d87cb9dec553","ts":"2026-01-21T16:39:52.495+00:00","source":{"id":"0","name":"eventBus"}}
{"__type":"$$EventMessageNode","id":"e3269075-b815-43b0-847f-6a0901149982","ts":"2026-01-21T16:39:52.496+00:00","eventName":"n8n.node.finished","message":"n8n.node.finished","payload":{"workflowId":"WnwTXrqtQtRu0zYI","workflowName":"workflow_fase-3","executionId":"43","nodeType":"n8n-nodes-base.code","nodeName":"Code in JavaScript","nodeId":"084a8775-5cc1-4eda-9ffd-2457cdd8c237"}}
{"__type":"$$EventMessageConfirm","confirm":"e3269075-b815-43b0-847f-6a0901149982","ts":"2026-01-21T16:39:52.496+00:00","source":{"id":"0","name":"eventBus"}}
{"__type":"$$EventMessageNode","id":"0ef9ed6e-b61d-4b90-beee-e29261ba7763","ts":"2026-01-21T16:39:52.497+00:00","eventName":"n8n.node.started","message":"n8n.node.started","payload":{"workflowId":"WnwTXrqtQtRu0zYI","workflowName":"workflow_fase-3","executionId":"43","nodeType":"n8n-nodes-base.code","nodeName":"nodo 4: detectar leyes","nodeId":"1f596134-7255-4b26-83ef-177e80a2ca09"}}
{"__type":"$$EventMessageConfirm","confirm":"0ef9ed6e-b61d-4b90-beee-e29261ba7763","ts":"2026-01-21T16:39:52.497+00:00","source":{"id":"0","name":"eventBus"}}
{"__type":"$$EventMessageRunner","id":"e0464216-8c06-4090-ac04-5b4fd1055a61","ts":"2026-01-21T16:39:52.498+00:00","eventName":"n8n.runner.task.requested","message":"n8n.runner.task.requested","payload":{"taskId":"Y_M5utTA","nodeId":"1f596134-7255-4b26-83ef-177e80a2ca09","workflowId":"WnwTXrqtQtRu0zYI","executionId":"43"}}
{"__type":"$$EventMessageConfirm","confirm":"e0464216-8c06-4090-ac04-5b4fd1055a61","ts":"2026-01-21T16:39:52.499+00:00","source":{"id":"0","name":"eventBus"}}
{"__type":"$$EventMessageRunner","id":"99165ddc-f259-4f42-863b-68365ed1c6a3","ts":"2026-01-21T16:39:52.507+00:00","eventName":"n8n.runner.response.received","message":"n8n.runner.response.received","payload":{"taskId":"Y_M5utTA","nodeId":"1f596134-7255-4b26-83ef-177e80a2ca09","workflowId":"WnwTXrqtQtRu0zYI","executionId":"43"}}
{"__type":"$$EventMessageConfirm","confirm":"99165ddc-f259-4f42-863b-68365ed1c6a3","ts":"2026-01-21T16:39:52.507+00:00","source":{"id":"0","name":"eventBus"}}
{"__type":"$$EventMessageNode","id":"21ff0560-ddbf-416d-9c5b-f0f6f0139ca3","ts":"2026-01-21T16:39:52.508+00:00","eventName":"n8n.node.finished","message":"n8n.node.finished","payload":{"workflowId":"WnwTXrqtQtRu0zYI","workflowName":"workflow_fase-3","executionId":"43","nodeType":"n8n-nodes-base.code","nodeName":"nodo 4: detectar leyes","nodeId":"1f596134-7255-4b26-83ef-177e80a2ca09"}}
{"__type":"$$EventMessageConfirm","confirm":"21ff0560-ddbf-416d-9c5b-f0f6f0139ca3","ts":"2026-01-21T16:39:52.508+00:00","source":{"id":"0","name":"eventBus"}}
{"__type":"$$EventMessageNode","id":"0918a8f1-ecb0-49a2-9a80-80b0be7f4103","ts":"2026-01-21T16:39:52.508+00:00","eventName":"n8n.node.started","message":"n8n.node.started","payload":{"workflowId":"WnwTXrqtQtRu0zYI","workflowName":"workflow_fase-3","executionId":"43","nodeType":"n8n-nodes-base.code","nodeName":"Enriquecimiento Threat Intel","nodeId":"c8385269-9589-4f0e-823e-03a33ae16e42"}}
{"__type":"$$EventMessageConfirm","confirm":"0918a8f1-ecb0-49a2-9a80-80b0be7f4103","ts":"2026-01-21T16:39:52.508+00:00","source":{"id":"0","name":"eventBus"}}
{"__type":"$$EventMessageRunner","id":"9d7c3dea-bdfd-48d8-af0f-c216e55c2712","ts":"2026-01-21T16:39:52.510+00:00","eventName":"n8n.runner.task.requested","message":"n8n.runner.task.requested","payload":{"taskId":"EJl1whor","nodeId":"c8385269-9589-4f0e-823e-03a33ae16e42","workflowId":"WnwTXrqtQtRu0zYI","executionId":"43"}}
{"__type":"$$EventMessageConfirm","confirm":"9d7c3dea-bdfd-48d8-af0f-c216e55c2712","ts":"2026-01-21T16:39:52.510+00:00","source":{"id":"0","name":"eventBus"}}
{"__type":"$$EventMessageRunner","id":"ec86f8dd-a4cb-4ef6-9b10-3de8fd56ed7a","ts":"2026-01-21T16:39:52.517+00:00","eventName":"n8n.runner.response.received","message":"n8n.runner.response.received","payload":{"taskId":"EJl1whor","nodeId":"c8385269-9589-4f0e-823e-03a33ae16e42","workflowId":"WnwTXrqtQtRu0zYI","executionId":"43"}}
{"__type":"$$EventMessageConfirm","confirm":"ec86f8dd-a4cb-4ef6-9b10-3de8fd56ed7a","ts":"2026-01-21T16:39:52.517+00:00","source":{"id":"0","name":"eventBus"}}
{"__type":"$$EventMessageNode","id":"8e886b47-70d5-41fe-a2a8-03e22e468311","ts":"2026-01-21T16:39:52.518+00:00","eventName":"n8n.node.finished","message":"n8n.node.finished","payload":{"workflowId":"WnwTXrqtQtRu0zYI","workflowName":"workflow_fase-3","executionId":"43","nodeType":"n8n-nodes-base.code","nodeName":"Enriquecimiento Threat Intel","nodeId":"c8385269-9589-4f0e-823e-03a33ae16e42"}}
{"__type":"$$EventMessageConfirm","confirm":"8e886b47-70d5-41fe-a2a8-03e22e468311","ts":"2026-01-21T16:39:52.518+00:00","source":{"id":"0","name":"eventBus"}}
{"__type":"$$EventMessageNode","id":"de42ee08-776d-433d-a64a-5a6c2ca41dec","ts":"2026-01-21T16:39:52.518+00:00","eventName":"n8n.node.started","message":"n8n.node.started","payload":{"workflowId":"WnwTXrqtQtRu0zYI","workflowName":"workflow_fase-3","executionId":"43","nodeType":"n8n-nodes-base.switch","nodeName":"Switch","nodeId":"880c72b3-8570-49a9-93fe-5c22896651e5"}}
{"__type":"$$EventMessageConfirm","confirm":"de42ee08-776d-433d-a64a-5a6c2ca41dec","ts":"2026-01-21T16:39:52.518+00:00","source":{"id":"0","name":"eventBus"}}
{"__type":"$$EventMessageNode","id":"975e8c90-60a3-4e78-8f71-4a5aaae3b0d5","ts":"2026-01-21T11:39:52.545-05:00","eventName":"n8n.node.finished","message":"n8n.node.finished","payload":{"workflowId":"WnwTXrqtQtRu0zYI","workflowName":"workflow_fase-3","executionId":"43","nodeType":"n8n-nodes-base.switch","nodeName":"Switch","nodeId":"880c72b3-8570-49a9-93fe-5c22896651e5"}}
{"__type":"$$EventMessageConfirm","confirm":"975e8c90-60a3-4e78-8f71-4a5aaae3b0d5","ts":"2026-01-21T11:39:52.545-05:00","source":{"id":"0","name":"eventBus"}}
{"__type":"$$EventMessageNode","id":"b23277f3-2b03-4114-ba41-91ae131b226f","ts":"2026-01-21T11:39:52.546-05:00","eventName":"n8n.node.started","message":"n8n.node.started","payload":{"workflowId":"WnwTXrqtQtRu0zYI","workflowName":"workflow_fase-3","executionId":"43","nodeType":"n8n-nodes-base.postgres","nodeName":"Insert rows in a table","nodeId":"c17411ee-c86c-45e3-9480-f0be3bc3651e"}}
{"__type":"$$EventMessageConfirm","confirm":"b23277f3-2b03-4114-ba41-91ae131b226f","ts":"2026-01-21T11:39:52.546-05:00","source":{"id":"0","name":"eventBus"}}
{"__type":"$$EventMessageNode","id":"330c11aa-f962-4499-a64c-a2b8c38ad209","ts":"2026-01-21T11:39:52.652-05:00","eventName":"n8n.node.finished","message":"n8n.node.finished","payload":{"workflowId":"WnwTXrqtQtRu0zYI","workflowName":"workflow_fase-3","executionId":"43","nodeType":"n8n-nodes-base.postgres","nodeName":"Insert rows in a table","nodeId":"c17411ee-c86c-45e3-9480-f0be3bc3651e"}}
{"__type":"$$EventMessageConfirm","confirm":"330c11aa-f962-4499-a64c-a2b8c38ad209","ts":"2026-01-21T11:39:52.652-05:00","source":{"id":"0","name":"eventBus"}}
{"__type":"$$EventMessageWorkflow","id":"c8b01b71-028b-4c45-9206-fd1209e845b8","ts":"2026-01-21T11:39:52.654-05:00","eventName":"n8n.workflow.failed","message":"n8n.workflow.failed","payload":{"userId":"39b4cd89-0f17-463c-ad34-2c7cec5db3db","executionId":"43","success":false,"isManual":true,"workflowId":"WnwTXrqtQtRu0zYI","workflowName":"workflow_fase-3","lastNodeExecuted":"Insert rows in a table","errorNodeType":"n8n-nodes-base.postgres","errorMessage":"invalid input syntax for type inet: \"unknown\""}}
{"__type":"$$EventMessageConfirm","confirm":"c8b01b71-028b-4c45-9206-fd1209e845b8","ts":"2026-01-21T11:39:52.654-05:00","source":{"id":"0","name":"eventBus"}}
{"__type":"$$EventMessageWorkflow","id":"76600ac8-763e-4729-af7c-584be0621c69","ts":"2026-01-21T11:43:56.095-05:00","eventName":"n8n.workflow.started","message":"n8n.workflow.started","payload":{"executionId":"44","workflowId":"WnwTXrqtQtRu0zYI","isManual":false,"workflowName":"workflow_fase-3"}}
{"__type":"$$EventMessageConfirm","confirm":"76600ac8-763e-4729-af7c-584be0621c69","ts":"2026-01-21T11:43:56.095-05:00","source":{"id":"0","name":"eventBus"}}
{"__type":"$$EventMessageNode","id":"21f98c2f-6504-47a5-a109-eb743b0eaed7","ts":"2026-01-21T11:43:56.096-05:00","eventName":"n8n.node.started","message":"n8n.node.started","payload":{"workflowId":"WnwTXrqtQtRu0zYI","workflowName":"workflow_fase-3","executionId":"44","nodeType":"n8n-nodes-base.code","nodeName":"Enriquecimiento Threat Intel","nodeId":"c8385269-9589-4f0e-823e-03a33ae16e42"}}
{"__type":"$$EventMessageConfirm","confirm":"21f98c2f-6504-47a5-a109-eb743b0eaed7","ts":"2026-01-21T11:43:56.096-05:00","source":{"id":"0","name":"eventBus"}}
{"__type":"$$EventMessageRunner","id":"68710ef1-295d-4771-a869-7272f8bfd95d","ts":"2026-01-21T11:43:56.100-05:00","eventName":"n8n.runner.task.requested","message":"n8n.runner.task.requested","payload":{"taskId":"FelODY-P","nodeId":"c8385269-9589-4f0e-823e-03a33ae16e42","workflowId":"WnwTXrqtQtRu0zYI","executionId":"44"}}
{"__type":"$$EventMessageConfirm","confirm":"68710ef1-295d-4771-a869-7272f8bfd95d","ts":"2026-01-21T11:43:56.100-05:00","source":{"id":"0","name":"eventBus"}}
{"__type":"$$EventMessageRunner","id":"9fc96a75-cb06-4d4a-b2a0-4fb8eda03713","ts":"2026-01-21T11:43:56.110-05:00","eventName":"n8n.runner.response.received","message":"n8n.runner.response.received","payload":{"taskId":"FelODY-P","nodeId":"c8385269-9589-4f0e-823e-03a33ae16e42","workflowId":"WnwTXrqtQtRu0zYI","executionId":"44"}}
{"__type":"$$EventMessageConfirm","confirm":"9fc96a75-cb06-4d4a-b2a0-4fb8eda03713","ts":"2026-01-21T11:43:56.110-05:00","source":{"id":"0","name":"eventBus"}}
{"__type":"$$EventMessageNode","id":"651591b0-b34c-499b-81e6-f5efcec8cfcf","ts":"2026-01-21T11:43:56.111-05:00","eventName":"n8n.node.finished","message":"n8n.node.finished","payload":{"workflowId":"WnwTXrqtQtRu0zYI","workflowName":"workflow_fase-3","executionId":"44","nodeType":"n8n-nodes-base.code","nodeName":"Enriquecimiento Threat Intel","nodeId":"c8385269-9589-4f0e-823e-03a33ae16e42"}}
{"__type":"$$EventMessageConfirm","confirm":"651591b0-b34c-499b-81e6-f5efcec8cfcf","ts":"2026-01-21T11:43:56.111-05:00","source":{"id":"0","name":"eventBus"}}
{"__type":"$$EventMessageWorkflow","id":"89ba3714-cc8b-47cc-ac6b-3add9e600809","ts":"2026-01-21T11:43:56.112-05:00","eventName":"n8n.workflow.success","message":"n8n.workflow.success","payload":{"userId":"39b4cd89-0f17-463c-ad34-2c7cec5db3db","executionId":"44","success":true,"isManual":true,"workflowId":"WnwTXrqtQtRu0zYI","workflowName":"workflow_fase-3"}}
{"__type":"$$EventMessageConfirm","confirm":"89ba3714-cc8b-47cc-ac6b-3add9e600809","ts":"2026-01-21T11:43:56.112-05:00","source":{"id":"0","name":"eventBus"}}
{"__type":"$$EventMessageWorkflow","id":"0e153ea8-45f5-40e3-b6cc-5f395f0a3f19","ts":"2026-01-21T11:44:01.534-05:00","eventName":"n8n.workflow.started","message":"n8n.workflow.started","payload":{"executionId":"45","workflowId":"WnwTXrqtQtRu0zYI","isManual":false,"workflowName":"workflow_fase-3"}}
{"__type":"$$EventMessageConfirm","confirm":"0e153ea8-45f5-40e3-b6cc-5f395f0a3f19","ts":"2026-01-21T11:44:01.534-05:00","source":{"id":"0","name":"eventBus"}}
{"__type":"$$EventMessageNode","id":"58b52a58-224c-4548-9bf3-30e1fc4f4884","ts":"2026-01-21T11:44:01.535-05:00","eventName":"n8n.node.started","message":"n8n.node.started","payload":{"workflowId":"WnwTXrqtQtRu0zYI","workflowName":"workflow_fase-3","executionId":"45","nodeType":"n8n-nodes-base.scheduleTrigger","nodeName":"Schedule Trigger","nodeId":"ced7dde5-f052-4ee7-a2c4-8728e6b96ae7"}}
{"__type":"$$EventMessageConfirm","confirm":"58b52a58-224c-4548-9bf3-30e1fc4f4884","ts":"2026-01-21T11:44:01.535-05:00","source":{"id":"0","name":"eventBus"}}
{"__type":"$$EventMessageNode","id":"4404019a-26cd-43ba-b85c-9608001ff72f","ts":"2026-01-21T11:44:01.539-05:00","eventName":"n8n.node.finished","message":"n8n.node.finished","payload":{"workflowId":"WnwTXrqtQtRu0zYI","workflowName":"workflow_fase-3","executionId":"45","nodeType":"n8n-nodes-base.scheduleTrigger","nodeName":"Schedule Trigger","nodeId":"ced7dde5-f052-4ee7-a2c4-8728e6b96ae7"}}
{"__type":"$$EventMessageConfirm","confirm":"4404019a-26cd-43ba-b85c-9608001ff72f","ts":"2026-01-21T11:44:01.539-05:00","source":{"id":"0","name":"eventBus"}}
{"__type":"$$EventMessageNode","id":"8517f165-dbdf-4bd6-a633-6239eb0792d5","ts":"2026-01-21T11:44:01.539-05:00","eventName":"n8n.node.started","message":"n8n.node.started","payload":{"workflowId":"WnwTXrqtQtRu0zYI","workflowName":"workflow_fase-3","executionId":"45","nodeType":"n8n-nodes-base.readWriteFile","nodeName":"Read/Write Files from Disk","nodeId":"a19bcd29-6753-4ec7-add2-c3c1e2e8a69d"}}
{"__type":"$$EventMessageConfirm","confirm":"8517f165-dbdf-4bd6-a633-6239eb0792d5","ts":"2026-01-21T11:44:01.540-05:00","source":{"id":"0","name":"eventBus"}}
{"__type":"$$EventMessageNode","id":"fce4fd07-b96f-4ca5-ae5d-2be150770aee","ts":"2026-01-21T11:44:01.546-05:00","eventName":"n8n.node.finished","message":"n8n.node.finished","payload":{"workflowId":"WnwTXrqtQtRu0zYI","workflowName":"workflow_fase-3","executionId":"45","nodeType":"n8n-nodes-base.readWriteFile","nodeName":"Read/Write Files from Disk","nodeId":"a19bcd29-6753-4ec7-add2-c3c1e2e8a69d"}}
{"__type":"$$EventMessageConfirm","confirm":"fce4fd07-b96f-4ca5-ae5d-2be150770aee","ts":"2026-01-21T11:44:01.546-05:00","source":{"id":"0","name":"eventBus"}}
{"__type":"$$EventMessageNode","id":"2e28629b-64bf-4994-a910-df082f6f2826","ts":"2026-01-21T11:44:01.547-05:00","eventName":"n8n.node.started","message":"n8n.node.started","payload":{"workflowId":"WnwTXrqtQtRu0zYI","workflowName":"workflow_fase-3","executionId":"45","nodeType":"n8n-nodes-base.extractFromFile","nodeName":"Extract from File","nodeId":"7a5de3a5-26dc-4f93-8a19-cc69c09b77b1"}}
{"__type":"$$EventMessageConfirm","confirm":"2e28629b-64bf-4994-a910-df082f6f2826","ts":"2026-01-21T11:44:01.547-05:00","source":{"id":"0","name":"eventBus"}}
{"__type":"$$EventMessageNode","id":"c53cf600-622f-4b28-b14f-afa51b2c7cba","ts":"2026-01-21T11:44:01.548-05:00","eventName":"n8n.node.finished","message":"n8n.node.finished","payload":{"workflowId":"WnwTXrqtQtRu0zYI","workflowName":"workflow_fase-3","executionId":"45","nodeType":"n8n-nodes-base.extractFromFile","nodeName":"Extract from File","nodeId":"7a5de3a5-26dc-4f93-8a19-cc69c09b77b1"}}
{"__type":"$$EventMessageConfirm","confirm":"c53cf600-622f-4b28-b14f-afa51b2c7cba","ts":"2026-01-21T11:44:01.548-05:00","source":{"id":"0","name":"eventBus"}}
{"__type":"$$EventMessageNode","id":"b22876db-2588-4409-a0f3-fc90d778d82f","ts":"2026-01-21T11:44:01.549-05:00","eventName":"n8n.node.started","message":"n8n.node.started","payload":{"workflowId":"WnwTXrqtQtRu0zYI","workflowName":"workflow_fase-3","executionId":"45","nodeType":"n8n-nodes-base.code","nodeName":"Code in JavaScript","nodeId":"084a8775-5cc1-4eda-9ffd-2457cdd8c237"}}
{"__type":"$$EventMessageConfirm","confirm":"b22876db-2588-4409-a0f3-fc90d778d82f","ts":"2026-01-21T11:44:01.549-05:00","source":{"id":"0","name":"eventBus"}}
{"__type":"$$EventMessageRunner","id":"b3826ffb-19a6-4b28-8eed-97659833e179","ts":"2026-01-21T11:44:01.550-05:00","eventName":"n8n.runner.task.requested","message":"n8n.runner.task.requested","payload":{"taskId":"CJ3deP3k","nodeId":"084a8775-5cc1-4eda-9ffd-2457cdd8c237","workflowId":"WnwTXrqtQtRu0zYI","executionId":"45"}}
{"__type":"$$EventMessageConfirm","confirm":"b3826ffb-19a6-4b28-8eed-97659833e179","ts":"2026-01-21T11:44:01.550-05:00","source":{"id":"0","name":"eventBus"}}
{"__type":"$$EventMessageRunner","id":"36ec4e76-b587-44f5-b22a-4b93ff78c4db","ts":"2026-01-21T11:44:01.555-05:00","eventName":"n8n.runner.response.received","message":"n8n.runner.response.received","payload":{"taskId":"CJ3deP3k","nodeId":"084a8775-5cc1-4eda-9ffd-2457cdd8c237","workflowId":"WnwTXrqtQtRu0zYI","executionId":"45"}}
{"__type":"$$EventMessageConfirm","confirm":"36ec4e76-b587-44f5-b22a-4b93ff78c4db","ts":"2026-01-21T11:44:01.556-05:00","source":{"id":"0","name":"eventBus"}}
{"__type":"$$EventMessageNode","id":"ebde7a2d-9ae6-4a87-9009-c24f42ad6f79","ts":"2026-01-21T11:44:01.556-05:00","eventName":"n8n.node.finished","message":"n8n.node.finished","payload":{"workflowId":"WnwTXrqtQtRu0zYI","workflowName":"workflow_fase-3","executionId":"45","nodeType":"n8n-nodes-base.code","nodeName":"Code in JavaScript","nodeId":"084a8775-5cc1-4eda-9ffd-2457cdd8c237"}}
{"__type":"$$EventMessageConfirm","confirm":"ebde7a2d-9ae6-4a87-9009-c24f42ad6f79","ts":"2026-01-21T11:44:01.556-05:00","source":{"id":"0","name":"eventBus"}}
{"__type":"$$EventMessageNode","id":"72008810-5596-4d5a-8db2-3870a17f91ce","ts":"2026-01-21T11:44:01.556-05:00","eventName":"n8n.node.started","message":"n8n.node.started","payload":{"workflowId":"WnwTXrqtQtRu0zYI","workflowName":"workflow_fase-3","executionId":"45","nodeType":"n8n-nodes-base.code","nodeName":"nodo 4: detectar leyes","nodeId":"1f596134-7255-4b26-83ef-177e80a2ca09"}}
{"__type":"$$EventMessageConfirm","confirm":"72008810-5596-4d5a-8db2-3870a17f91ce","ts":"2026-01-21T11:44:01.556-05:00","source":{"id":"0","name":"eventBus"}}
{"__type":"$$EventMessageRunner","id":"b9b4d3ac-1320-418f-ac7e-17861ad4add6","ts":"2026-01-21T11:44:01.557-05:00","eventName":"n8n.runner.task.requested","message":"n8n.runner.task.requested","payload":{"taskId":"019eED_q","nodeId":"1f596134-7255-4b26-83ef-177e80a2ca09","workflowId":"WnwTXrqtQtRu0zYI","executionId":"45"}}
{"__type":"$$EventMessageConfirm","confirm":"b9b4d3ac-1320-418f-ac7e-17861ad4add6","ts":"2026-01-21T11:44:01.558-05:00","source":{"id":"0","name":"eventBus"}}
{"__type":"$$EventMessageRunner","id":"6c24bbc2-42fb-45f9-98b0-197a29245265","ts":"2026-01-21T11:44:01.564-05:00","eventName":"n8n.runner.response.received","message":"n8n.runner.response.received","payload":{"taskId":"019eED_q","nodeId":"1f596134-7255-4b26-83ef-177e80a2ca09","workflowId":"WnwTXrqtQtRu0zYI","executionId":"45"}}
{"__type":"$$EventMessageConfirm","confirm":"6c24bbc2-42fb-45f9-98b0-197a29245265","ts":"2026-01-21T11:44:01.565-05:00","source":{"id":"0","name":"eventBus"}}
{"__type":"$$EventMessageNode","id":"f1c68a79-c56e-4cc2-afa2-8611f7c8f709","ts":"2026-01-21T11:44:01.565-05:00","eventName":"n8n.node.finished","message":"n8n.node.finished","payload":{"workflowId":"WnwTXrqtQtRu0zYI","workflowName":"workflow_fase-3","executionId":"45","nodeType":"n8n-nodes-base.code","nodeName":"nodo 4: detectar leyes","nodeId":"1f596134-7255-4b26-83ef-177e80a2ca09"}}
{"__type":"$$EventMessageConfirm","confirm":"f1c68a79-c56e-4cc2-afa2-8611f7c8f709","ts":"2026-01-21T11:44:01.565-05:00","source":{"id":"0","name":"eventBus"}}
{"__type":"$$EventMessageNode","id":"8a443001-2fc6-440a-97f7-338cdcc922ed","ts":"2026-01-21T11:44:01.565-05:00","eventName":"n8n.node.started","message":"n8n.node.started","payload":{"workflowId":"WnwTXrqtQtRu0zYI","workflowName":"workflow_fase-3","executionId":"45","nodeType":"n8n-nodes-base.code","nodeName":"Enriquecimiento Threat Intel","nodeId":"c8385269-9589-4f0e-823e-03a33ae16e42"}}
{"__type":"$$EventMessageConfirm","confirm":"8a443001-2fc6-440a-97f7-338cdcc922ed","ts":"2026-01-21T11:44:01.565-05:00","source":{"id":"0","name":"eventBus"}}
{"__type":"$$EventMessageRunner","id":"ab22a65e-2b3f-4673-9f4e-cdde66902381","ts":"2026-01-21T11:44:01.567-05:00","eventName":"n8n.runner.task.requested","message":"n8n.runner.task.requested","payload":{"taskId":"DtlpeYLq","nodeId":"c8385269-9589-4f0e-823e-03a33ae16e42","workflowId":"WnwTXrqtQtRu0zYI","executionId":"45"}}
{"__type":"$$EventMessageConfirm","confirm":"ab22a65e-2b3f-4673-9f4e-cdde66902381","ts":"2026-01-21T11:44:01.567-05:00","source":{"id":"0","name":"eventBus"}}
{"__type":"$$EventMessageRunner","id":"12946c1e-be9d-4059-bf45-fe0e1a554305","ts":"2026-01-21T11:44:01.572-05:00","eventName":"n8n.runner.response.received","message":"n8n.runner.response.received","payload":{"taskId":"DtlpeYLq","nodeId":"c8385269-9589-4f0e-823e-03a33ae16e42","workflowId":"WnwTXrqtQtRu0zYI","executionId":"45"}}
{"__type":"$$EventMessageConfirm","confirm":"12946c1e-be9d-4059-bf45-fe0e1a554305","ts":"2026-01-21T11:44:01.572-05:00","source":{"id":"0","name":"eventBus"}}
{"__type":"$$EventMessageNode","id":"3d2b7bc1-9198-4397-8147-503b147eaa51","ts":"2026-01-21T11:44:01.573-05:00","eventName":"n8n.node.finished","message":"n8n.node.finished","payload":{"workflowId":"WnwTXrqtQtRu0zYI","workflowName":"workflow_fase-3","executionId":"45","nodeType":"n8n-nodes-base.code","nodeName":"Enriquecimiento Threat Intel","nodeId":"c8385269-9589-4f0e-823e-03a33ae16e42"}}
{"__type":"$$EventMessageConfirm","confirm":"3d2b7bc1-9198-4397-8147-503b147eaa51","ts":"2026-01-21T11:44:01.573-05:00","source":{"id":"0","name":"eventBus"}}
{"__type":"$$EventMessageNode","id":"23cefa02-85e5-48f5-af00-f4e8c30d125e","ts":"2026-01-21T11:44:01.573-05:00","eventName":"n8n.node.started","message":"n8n.node.started","payload":{"workflowId":"WnwTXrqtQtRu0zYI","workflowName":"workflow_fase-3","executionId":"45","nodeType":"n8n-nodes-base.switch","nodeName":"Switch","nodeId":"880c72b3-8570-49a9-93fe-5c22896651e5"}}
{"__type":"$$EventMessageConfirm","confirm":"23cefa02-85e5-48f5-af00-f4e8c30d125e","ts":"2026-01-21T11:44:01.574-05:00","source":{"id":"0","name":"eventBus"}}
{"__type":"$$EventMessageNode","id":"e7261510-10a4-4f27-9479-0bce21deb1ac","ts":"2026-01-21T11:44:01.576-05:00","eventName":"n8n.node.finished","message":"n8n.node.finished","payload":{"workflowId":"WnwTXrqtQtRu0zYI","workflowName":"workflow_fase-3","executionId":"45","nodeType":"n8n-nodes-base.switch","nodeName":"Switch","nodeId":"880c72b3-8570-49a9-93fe-5c22896651e5"}}
{"__type":"$$EventMessageConfirm","confirm":"e7261510-10a4-4f27-9479-0bce21deb1ac","ts":"2026-01-21T11:44:01.576-05:00","source":{"id":"0","name":"eventBus"}}
{"__type":"$$EventMessageNode","id":"eebf97c7-c746-452a-aa6d-98458dc1a122","ts":"2026-01-21T11:44:01.576-05:00","eventName":"n8n.node.started","message":"n8n.node.started","payload":{"workflowId":"WnwTXrqtQtRu0zYI","workflowName":"workflow_fase-3","executionId":"45","nodeType":"n8n-nodes-base.postgres","nodeName":"Insert rows in a table","nodeId":"c17411ee-c86c-45e3-9480-f0be3bc3651e"}}
{"__type":"$$EventMessageConfirm","confirm":"eebf97c7-c746-452a-aa6d-98458dc1a122","ts":"2026-01-21T11:44:01.576-05:00","source":{"id":"0","name":"eventBus"}}
{"__type":"$$EventMessageNode","id":"e0287dc3-a6e3-40a5-82c4-fda1705a88ec","ts":"2026-01-21T11:44:01.602-05:00","eventName":"n8n.node.finished","message":"n8n.node.finished","payload":{"workflowId":"WnwTXrqtQtRu0zYI","workflowName":"workflow_fase-3","executionId":"45","nodeType":"n8n-nodes-base.postgres","nodeName":"Insert rows in a table","nodeId":"c17411ee-c86c-45e3-9480-f0be3bc3651e"}}
{"__type":"$$EventMessageConfirm","confirm":"e0287dc3-a6e3-40a5-82c4-fda1705a88ec","ts":"2026-01-21T11:44:01.602-05:00","source":{"id":"0","name":"eventBus"}}
{"__type":"$$EventMessageWorkflow","id":"9c8a0da1-fc46-4051-8d2a-10c3268aabfb","ts":"2026-01-21T11:44:01.603-05:00","eventName":"n8n.workflow.failed","message":"n8n.workflow.failed","payload":{"userId":"39b4cd89-0f17-463c-ad34-2c7cec5db3db","executionId":"45","success":false,"isManual":true,"workflowId":"WnwTXrqtQtRu0zYI","workflowName":"workflow_fase-3","lastNodeExecuted":"Insert rows in a table","errorNodeType":"n8n-nodes-base.postgres","errorMessage":"invalid input syntax for type inet: \"unknown\""}}
{"__type":"$$EventMessageConfirm","confirm":"9c8a0da1-fc46-4051-8d2a-10c3268aabfb","ts":"2026-01-21T11:44:01.603-05:00","source":{"id":"0","name":"eventBus"}}
{"__type":"$$EventMessageWorkflow","id":"e1a677ed-aae3-4aad-bd84-5ed54ef131dc","ts":"2026-01-21T11:44:29.963-05:00","eventName":"n8n.workflow.started","message":"n8n.workflow.started","payload":{"executionId":"46","workflowId":"WnwTXrqtQtRu0zYI","isManual":false,"workflowName":"workflow_fase-3"}}
{"__type":"$$EventMessageConfirm","confirm":"e1a677ed-aae3-4aad-bd84-5ed54ef131dc","ts":"2026-01-21T11:44:29.963-05:00","source":{"id":"0","name":"eventBus"}}
{"__type":"$$EventMessageNode","id":"6410b326-eb5e-4d5e-bc4a-4cfb167bf8ff","ts":"2026-01-21T11:44:29.964-05:00","eventName":"n8n.node.started","message":"n8n.node.started","payload":{"workflowId":"WnwTXrqtQtRu0zYI","workflowName":"workflow_fase-3","executionId":"46","nodeType":"n8n-nodes-base.code","nodeName":"Enriquecimiento Threat Intel","nodeId":"c8385269-9589-4f0e-823e-03a33ae16e42"}}
{"__type":"$$EventMessageConfirm","confirm":"6410b326-eb5e-4d5e-bc4a-4cfb167bf8ff","ts":"2026-01-21T11:44:29.964-05:00","source":{"id":"0","name":"eventBus"}}
{"__type":"$$EventMessageRunner","id":"06c5c808-4b54-4f54-93bb-428a19c5cd25","ts":"2026-01-21T11:44:29.969-05:00","eventName":"n8n.runner.task.requested","message":"n8n.runner.task.requested","payload":{"taskId":"GWLSmCt3","nodeId":"c8385269-9589-4f0e-823e-03a33ae16e42","workflowId":"WnwTXrqtQtRu0zYI","executionId":"46"}}
{"__type":"$$EventMessageConfirm","confirm":"06c5c808-4b54-4f54-93bb-428a19c5cd25","ts":"2026-01-21T11:44:29.969-05:00","source":{"id":"0","name":"eventBus"}}
{"__type":"$$EventMessageRunner","id":"173ff51b-e67a-4942-8f17-cd4810413cc3","ts":"2026-01-21T11:44:29.976-05:00","eventName":"n8n.runner.response.received","message":"n8n.runner.response.received","payload":{"taskId":"GWLSmCt3","nodeId":"c8385269-9589-4f0e-823e-03a33ae16e42","workflowId":"WnwTXrqtQtRu0zYI","executionId":"46"}}
{"__type":"$$EventMessageConfirm","confirm":"173ff51b-e67a-4942-8f17-cd4810413cc3","ts":"2026-01-21T11:44:29.976-05:00","source":{"id":"0","name":"eventBus"}}
{"__type":"$$EventMessageNode","id":"6b505998-f285-4f7a-88d1-6a6c3df8b784","ts":"2026-01-21T11:44:29.977-05:00","eventName":"n8n.node.finished","message":"n8n.node.finished","payload":{"workflowId":"WnwTXrqtQtRu0zYI","workflowName":"workflow_fase-3","executionId":"46","nodeType":"n8n-nodes-base.code","nodeName":"Enriquecimiento Threat Intel","nodeId":"c8385269-9589-4f0e-823e-03a33ae16e42"}}
{"__type":"$$EventMessageConfirm","confirm":"6b505998-f285-4f7a-88d1-6a6c3df8b784","ts":"2026-01-21T11:44:29.977-05:00","source":{"id":"0","name":"eventBus"}}
{"__type":"$$EventMessageWorkflow","id":"93995a22-d054-4f23-8d69-4a22b2166b1b","ts":"2026-01-21T11:44:29.977-05:00","eventName":"n8n.workflow.success","message":"n8n.workflow.success","payload":{"userId":"39b4cd89-0f17-463c-ad34-2c7cec5db3db","executionId":"46","success":true,"isManual":true,"workflowId":"WnwTXrqtQtRu0zYI","workflowName":"workflow_fase-3"}}
{"__type":"$$EventMessageConfirm","confirm":"93995a22-d054-4f23-8d69-4a22b2166b1b","ts":"2026-01-21T11:44:29.978-05:00","source":{"id":"0","name":"eventBus"}}
{"__type":"$$EventMessageWorkflow","id":"aa4a48f3-7089-4b6d-a95a-c55ee94cc193","ts":"2026-01-21T11:44:33.661-05:00","eventName":"n8n.workflow.started","message":"n8n.workflow.started","payload":{"executionId":"47","workflowId":"WnwTXrqtQtRu0zYI","isManual":false,"workflowName":"workflow_fase-3"}}
{"__type":"$$EventMessageConfirm","confirm":"aa4a48f3-7089-4b6d-a95a-c55ee94cc193","ts":"2026-01-21T11:44:33.662-05:00","source":{"id":"0","name":"eventBus"}}
{"__type":"$$EventMessageNode","id":"08e1cc91-f922-4029-b201-13249ae02367","ts":"2026-01-21T11:44:33.662-05:00","eventName":"n8n.node.started","message":"n8n.node.started","payload":{"workflowId":"WnwTXrqtQtRu0zYI","workflowName":"workflow_fase-3","executionId":"47","nodeType":"n8n-nodes-base.scheduleTrigger","nodeName":"Schedule Trigger","nodeId":"ced7dde5-f052-4ee7-a2c4-8728e6b96ae7"}}
{"__type":"$$EventMessageConfirm","confirm":"08e1cc91-f922-4029-b201-13249ae02367","ts":"2026-01-21T11:44:33.662-05:00","source":{"id":"0","name":"eventBus"}}
{"__type":"$$EventMessageNode","id":"ae4374d9-cd20-4a7a-acc6-b85f5d4646cd","ts":"2026-01-21T11:44:33.663-05:00","eventName":"n8n.node.finished","message":"n8n.node.finished","payload":{"workflowId":"WnwTXrqtQtRu0zYI","workflowName":"workflow_fase-3","executionId":"47","nodeType":"n8n-nodes-base.scheduleTrigger","nodeName":"Schedule Trigger","nodeId":"ced7dde5-f052-4ee7-a2c4-8728e6b96ae7"}}
{"__type":"$$EventMessageConfirm","confirm":"ae4374d9-cd20-4a7a-acc6-b85f5d4646cd","ts":"2026-01-21T11:44:33.664-05:00","source":{"id":"0","name":"eventBus"}}
{"__type":"$$EventMessageNode","id":"9e52447a-c7ea-4869-b2d9-59aa7c01a31c","ts":"2026-01-21T11:44:33.664-05:00","eventName":"n8n.node.started","message":"n8n.node.started","payload":{"workflowId":"WnwTXrqtQtRu0zYI","workflowName":"workflow_fase-3","executionId":"47","nodeType":"n8n-nodes-base.readWriteFile","nodeName":"Read/Write Files from Disk","nodeId":"a19bcd29-6753-4ec7-add2-c3c1e2e8a69d"}}
{"__type":"$$EventMessageConfirm","confirm":"9e52447a-c7ea-4869-b2d9-59aa7c01a31c","ts":"2026-01-21T11:44:33.664-05:00","source":{"id":"0","name":"eventBus"}}
{"__type":"$$EventMessageNode","id":"4a769f4e-0c6b-4c84-a251-3fc69695907f","ts":"2026-01-21T11:44:33.671-05:00","eventName":"n8n.node.finished","message":"n8n.node.finished","payload":{"workflowId":"WnwTXrqtQtRu0zYI","workflowName":"workflow_fase-3","executionId":"47","nodeType":"n8n-nodes-base.readWriteFile","nodeName":"Read/Write Files from Disk","nodeId":"a19bcd29-6753-4ec7-add2-c3c1e2e8a69d"}}
{"__type":"$$EventMessageConfirm","confirm":"4a769f4e-0c6b-4c84-a251-3fc69695907f","ts":"2026-01-21T11:44:33.671-05:00","source":{"id":"0","name":"eventBus"}}
{"__type":"$$EventMessageNode","id":"21ffa9f4-612f-4e9b-aa74-0c765b78ed70","ts":"2026-01-21T11:44:33.671-05:00","eventName":"n8n.node.started","message":"n8n.node.started","payload":{"workflowId":"WnwTXrqtQtRu0zYI","workflowName":"workflow_fase-3","executionId":"47","nodeType":"n8n-nodes-base.extractFromFile","nodeName":"Extract from File","nodeId":"7a5de3a5-26dc-4f93-8a19-cc69c09b77b1"}}
{"__type":"$$EventMessageConfirm","confirm":"21ffa9f4-612f-4e9b-aa74-0c765b78ed70","ts":"2026-01-21T11:44:33.671-05:00","source":{"id":"0","name":"eventBus"}}
{"__type":"$$EventMessageNode","id":"0e2fc792-bea7-4a4a-9bfc-6d56c2931cf2","ts":"2026-01-21T11:44:33.673-05:00","eventName":"n8n.node.finished","message":"n8n.node.finished","payload":{"workflowId":"WnwTXrqtQtRu0zYI","workflowName":"workflow_fase-3","executionId":"47","nodeType":"n8n-nodes-base.extractFromFile","nodeName":"Extract from File","nodeId":"7a5de3a5-26dc-4f93-8a19-cc69c09b77b1"}}
{"__type":"$$EventMessageConfirm","confirm":"0e2fc792-bea7-4a4a-9bfc-6d56c2931cf2","ts":"2026-01-21T11:44:33.673-05:00","source":{"id":"0","name":"eventBus"}}
{"__type":"$$EventMessageNode","id":"cbf495f1-182b-4689-92c2-08cd67826758","ts":"2026-01-21T11:44:33.674-05:00","eventName":"n8n.node.started","message":"n8n.node.started","payload":{"workflowId":"WnwTXrqtQtRu0zYI","workflowName":"workflow_fase-3","executionId":"47","nodeType":"n8n-nodes-base.code","nodeName":"Code in JavaScript","nodeId":"084a8775-5cc1-4eda-9ffd-2457cdd8c237"}}
{"__type":"$$EventMessageConfirm","confirm":"cbf495f1-182b-4689-92c2-08cd67826758","ts":"2026-01-21T11:44:33.674-05:00","source":{"id":"0","name":"eventBus"}}
{"__type":"$$EventMessageRunner","id":"9c31166f-c302-4113-87a5-a0380963f4c7","ts":"2026-01-21T11:44:33.677-05:00","eventName":"n8n.runner.task.requested","message":"n8n.runner.task.requested","payload":{"taskId":"wUIpdveW","nodeId":"084a8775-5cc1-4eda-9ffd-2457cdd8c237","workflowId":"WnwTXrqtQtRu0zYI","executionId":"47"}}
{"__type":"$$EventMessageConfirm","confirm":"9c31166f-c302-4113-87a5-a0380963f4c7","ts":"2026-01-21T11:44:33.677-05:00","source":{"id":"0","name":"eventBus"}}
{"__type":"$$EventMessageRunner","id":"3b2acf75-8373-4d86-8c17-4e56c37a100b","ts":"2026-01-21T11:44:33.683-05:00","eventName":"n8n.runner.response.received","message":"n8n.runner.response.received","payload":{"taskId":"wUIpdveW","nodeId":"084a8775-5cc1-4eda-9ffd-2457cdd8c237","workflowId":"WnwTXrqtQtRu0zYI","executionId":"47"}}
{"__type":"$$EventMessageConfirm","confirm":"3b2acf75-8373-4d86-8c17-4e56c37a100b","ts":"2026-01-21T11:44:33.684-05:00","source":{"id":"0","name":"eventBus"}}
{"__type":"$$EventMessageNode","id":"f281796d-b7ee-4e9f-909a-65c37d2fe94b","ts":"2026-01-21T11:44:33.684-05:00","eventName":"n8n.node.finished","message":"n8n.node.finished","payload":{"workflowId":"WnwTXrqtQtRu0zYI","workflowName":"workflow_fase-3","executionId":"47","nodeType":"n8n-nodes-base.code","nodeName":"Code in JavaScript","nodeId":"084a8775-5cc1-4eda-9ffd-2457cdd8c237"}}
{"__type":"$$EventMessageConfirm","confirm":"f281796d-b7ee-4e9f-909a-65c37d2fe94b","ts":"2026-01-21T11:44:33.684-05:00","source":{"id":"0","name":"eventBus"}}
{"__type":"$$EventMessageNode","id":"eeb9ba8d-2f5a-4c9c-bf8c-5e197a026f63","ts":"2026-01-21T11:44:33.685-05:00","eventName":"n8n.node.started","message":"n8n.node.started","payload":{"workflowId":"WnwTXrqtQtRu0zYI","workflowName":"workflow_fase-3","executionId":"47","nodeType":"n8n-nodes-base.code","nodeName":"nodo 4: detectar leyes","nodeId":"1f596134-7255-4b26-83ef-177e80a2ca09"}}
{"__type":"$$EventMessageConfirm","confirm":"eeb9ba8d-2f5a-4c9c-bf8c-5e197a026f63","ts":"2026-01-21T11:44:33.685-05:00","source":{"id":"0","name":"eventBus"}}
{"__type":"$$EventMessageRunner","id":"92d2aa63-c59b-40e0-8370-329e88e171e3","ts":"2026-01-21T11:44:33.686-05:00","eventName":"n8n.runner.task.requested","message":"n8n.runner.task.requested","payload":{"taskId":"yY1bJ6av","nodeId":"1f596134-7255-4b26-83ef-177e80a2ca09","workflowId":"WnwTXrqtQtRu0zYI","executionId":"47"}}
{"__type":"$$EventMessageConfirm","confirm":"92d2aa63-c59b-40e0-8370-329e88e171e3","ts":"2026-01-21T11:44:33.686-05:00","source":{"id":"0","name":"eventBus"}}
{"__type":"$$EventMessageRunner","id":"c6bf3923-eddf-4000-8c12-5bf5aa83c612","ts":"2026-01-21T11:44:33.693-05:00","eventName":"n8n.runner.response.received","message":"n8n.runner.response.received","payload":{"taskId":"yY1bJ6av","nodeId":"1f596134-7255-4b26-83ef-177e80a2ca09","workflowId":"WnwTXrqtQtRu0zYI","executionId":"47"}}
{"__type":"$$EventMessageConfirm","confirm":"c6bf3923-eddf-4000-8c12-5bf5aa83c612","ts":"2026-01-21T11:44:33.693-05:00","source":{"id":"0","name":"eventBus"}}
{"__type":"$$EventMessageNode","id":"cc8ac8d4-53cb-4768-8415-0b32a609bfe5","ts":"2026-01-21T11:44:33.693-05:00","eventName":"n8n.node.finished","message":"n8n.node.finished","payload":{"workflowId":"WnwTXrqtQtRu0zYI","workflowName":"workflow_fase-3","executionId":"47","nodeType":"n8n-nodes-base.code","nodeName":"nodo 4: detectar leyes","nodeId":"1f596134-7255-4b26-83ef-177e80a2ca09"}}
{"__type":"$$EventMessageConfirm","confirm":"cc8ac8d4-53cb-4768-8415-0b32a609bfe5","ts":"2026-01-21T11:44:33.693-05:00","source":{"id":"0","name":"eventBus"}}
{"__type":"$$EventMessageNode","id":"94f3cfe7-5247-4709-9076-4fc9ccfaac16","ts":"2026-01-21T11:44:33.694-05:00","eventName":"n8n.node.started","message":"n8n.node.started","payload":{"workflowId":"WnwTXrqtQtRu0zYI","workflowName":"workflow_fase-3","executionId":"47","nodeType":"n8n-nodes-base.code","nodeName":"Enriquecimiento Threat Intel","nodeId":"c8385269-9589-4f0e-823e-03a33ae16e42"}}
{"__type":"$$EventMessageConfirm","confirm":"94f3cfe7-5247-4709-9076-4fc9ccfaac16","ts":"2026-01-21T11:44:33.694-05:00","source":{"id":"0","name":"eventBus"}}
{"__type":"$$EventMessageRunner","id":"490483cd-5707-4587-849f-de2a48af0781","ts":"2026-01-21T11:44:33.695-05:00","eventName":"n8n.runner.task.requested","message":"n8n.runner.task.requested","payload":{"taskId":"NoywyISA","nodeId":"c8385269-9589-4f0e-823e-03a33ae16e42","workflowId":"WnwTXrqtQtRu0zYI","executionId":"47"}}
{"__type":"$$EventMessageConfirm","confirm":"490483cd-5707-4587-849f-de2a48af0781","ts":"2026-01-21T11:44:33.695-05:00","source":{"id":"0","name":"eventBus"}}
{"__type":"$$EventMessageRunner","id":"1e89ef21-8561-484b-a4c0-76e132916a8e","ts":"2026-01-21T11:44:33.701-05:00","eventName":"n8n.runner.response.received","message":"n8n.runner.response.received","payload":{"taskId":"NoywyISA","nodeId":"c8385269-9589-4f0e-823e-03a33ae16e42","workflowId":"WnwTXrqtQtRu0zYI","executionId":"47"}}
{"__type":"$$EventMessageConfirm","confirm":"1e89ef21-8561-484b-a4c0-76e132916a8e","ts":"2026-01-21T11:44:33.701-05:00","source":{"id":"0","name":"eventBus"}}
{"__type":"$$EventMessageNode","id":"a45fa9b1-e285-471e-a3c3-7967c334bd1d","ts":"2026-01-21T11:44:33.701-05:00","eventName":"n8n.node.finished","message":"n8n.node.finished","payload":{"workflowId":"WnwTXrqtQtRu0zYI","workflowName":"workflow_fase-3","executionId":"47","nodeType":"n8n-nodes-base.code","nodeName":"Enriquecimiento Threat Intel","nodeId":"c8385269-9589-4f0e-823e-03a33ae16e42"}}
{"__type":"$$EventMessageConfirm","confirm":"a45fa9b1-e285-471e-a3c3-7967c334bd1d","ts":"2026-01-21T11:44:33.701-05:00","source":{"id":"0","name":"eventBus"}}
{"__type":"$$EventMessageNode","id":"a208f1bb-14b2-49d6-af88-59f3f53c1156","ts":"2026-01-21T11:44:33.702-05:00","eventName":"n8n.node.started","message":"n8n.node.started","payload":{"workflowId":"WnwTXrqtQtRu0zYI","workflowName":"workflow_fase-3","executionId":"47","nodeType":"n8n-nodes-base.switch","nodeName":"Switch","nodeId":"880c72b3-8570-49a9-93fe-5c22896651e5"}}
{"__type":"$$EventMessageConfirm","confirm":"a208f1bb-14b2-49d6-af88-59f3f53c1156","ts":"2026-01-21T11:44:33.702-05:00","source":{"id":"0","name":"eventBus"}}
{"__type":"$$EventMessageNode","id":"14330471-e6a6-4e2d-af84-6cbd73409917","ts":"2026-01-21T11:44:33.705-05:00","eventName":"n8n.node.finished","message":"n8n.node.finished","payload":{"workflowId":"WnwTXrqtQtRu0zYI","workflowName":"workflow_fase-3","executionId":"47","nodeType":"n8n-nodes-base.switch","nodeName":"Switch","nodeId":"880c72b3-8570-49a9-93fe-5c22896651e5"}}
{"__type":"$$EventMessageConfirm","confirm":"14330471-e6a6-4e2d-af84-6cbd73409917","ts":"2026-01-21T11:44:33.705-05:00","source":{"id":"0","name":"eventBus"}}
{"__type":"$$EventMessageNode","id":"752c7807-d9e0-4365-8605-90cfe396aeb6","ts":"2026-01-21T11:44:33.705-05:00","eventName":"n8n.node.started","message":"n8n.node.started","payload":{"workflowId":"WnwTXrqtQtRu0zYI","workflowName":"workflow_fase-3","executionId":"47","nodeType":"n8n-nodes-base.postgres","nodeName":"Insert rows in a table","nodeId":"c17411ee-c86c-45e3-9480-f0be3bc3651e"}}
{"__type":"$$EventMessageConfirm","confirm":"752c7807-d9e0-4365-8605-90cfe396aeb6","ts":"2026-01-21T11:44:33.705-05:00","source":{"id":"0","name":"eventBus"}}
{"__type":"$$EventMessageNode","id":"0af85ab8-8da9-4e0c-b10b-8a57399c6593","ts":"2026-01-21T11:44:33.728-05:00","eventName":"n8n.node.finished","message":"n8n.node.finished","payload":{"workflowId":"WnwTXrqtQtRu0zYI","workflowName":"workflow_fase-3","executionId":"47","nodeType":"n8n-nodes-base.postgres","nodeName":"Insert rows in a table","nodeId":"c17411ee-c86c-45e3-9480-f0be3bc3651e"}}
{"__type":"$$EventMessageConfirm","confirm":"0af85ab8-8da9-4e0c-b10b-8a57399c6593","ts":"2026-01-21T11:44:33.728-05:00","source":{"id":"0","name":"eventBus"}}
{"__type":"$$EventMessageWorkflow","id":"ada2b4d3-d877-44f0-b2ac-86b0cdae4ddb","ts":"2026-01-21T11:44:33.729-05:00","eventName":"n8n.workflow.failed","message":"n8n.workflow.failed","payload":{"userId":"39b4cd89-0f17-463c-ad34-2c7cec5db3db","executionId":"47","success":false,"isManual":true,"workflowId":"WnwTXrqtQtRu0zYI","workflowName":"workflow_fase-3","lastNodeExecuted":"Insert rows in a table","errorNodeType":"n8n-nodes-base.postgres","errorMessage":"invalid input syntax for type inet: \"unknown\""}}
{"__type":"$$EventMessageConfirm","confirm":"ada2b4d3-d877-44f0-b2ac-86b0cdae4ddb","ts":"2026-01-21T11:44:33.729-05:00","source":{"id":"0","name":"eventBus"}}
{"__type":"$$EventMessageWorkflow","id":"3e087ae4-7819-4680-894a-1af1b66b6f53","ts":"2026-01-21T11:45:27.132-05:00","eventName":"n8n.workflow.started","message":"n8n.workflow.started","payload":{"executionId":"48","workflowId":"WnwTXrqtQtRu0zYI","isManual":false,"workflowName":"workflow_fase-3"}}
{"__type":"$$EventMessageConfirm","confirm":"3e087ae4-7819-4680-894a-1af1b66b6f53","ts":"2026-01-21T11:45:27.132-05:00","source":{"id":"0","name":"eventBus"}}
{"__type":"$$EventMessageNode","id":"30ac1305-176f-44c1-91c0-e58dbf8e8dc0","ts":"2026-01-21T11:45:27.133-05:00","eventName":"n8n.node.started","message":"n8n.node.started","payload":{"workflowId":"WnwTXrqtQtRu0zYI","workflowName":"workflow_fase-3","executionId":"48","nodeType":"n8n-nodes-base.code","nodeName":"Enriquecimiento Threat Intel","nodeId":"c8385269-9589-4f0e-823e-03a33ae16e42"}}
{"__type":"$$EventMessageConfirm","confirm":"30ac1305-176f-44c1-91c0-e58dbf8e8dc0","ts":"2026-01-21T11:45:27.133-05:00","source":{"id":"0","name":"eventBus"}}
{"__type":"$$EventMessageRunner","id":"8a44e4e7-f3a4-4fa5-8485-c0298fd6889f","ts":"2026-01-21T11:45:27.135-05:00","eventName":"n8n.runner.task.requested","message":"n8n.runner.task.requested","payload":{"taskId":"Qp3m-Did","nodeId":"c8385269-9589-4f0e-823e-03a33ae16e42","workflowId":"WnwTXrqtQtRu0zYI","executionId":"48"}}
{"__type":"$$EventMessageConfirm","confirm":"8a44e4e7-f3a4-4fa5-8485-c0298fd6889f","ts":"2026-01-21T11:45:27.135-05:00","source":{"id":"0","name":"eventBus"}}
{"__type":"$$EventMessageRunner","id":"d272e918-ebda-41c1-b964-57df2ecb384f","ts":"2026-01-21T11:45:27.141-05:00","eventName":"n8n.runner.response.received","message":"n8n.runner.response.received","payload":{"taskId":"Qp3m-Did","nodeId":"c8385269-9589-4f0e-823e-03a33ae16e42","workflowId":"WnwTXrqtQtRu0zYI","executionId":"48"}}
{"__type":"$$EventMessageConfirm","confirm":"d272e918-ebda-41c1-b964-57df2ecb384f","ts":"2026-01-21T11:45:27.141-05:00","source":{"id":"0","name":"eventBus"}}
{"__type":"$$EventMessageNode","id":"abb84b97-ef19-48fc-b00f-3c26205e0b3c","ts":"2026-01-21T11:45:27.142-05:00","eventName":"n8n.node.finished","message":"n8n.node.finished","payload":{"workflowId":"WnwTXrqtQtRu0zYI","workflowName":"workflow_fase-3","executionId":"48","nodeType":"n8n-nodes-base.code","nodeName":"Enriquecimiento Threat Intel","nodeId":"c8385269-9589-4f0e-823e-03a33ae16e42"}}
{"__type":"$$EventMessageConfirm","confirm":"abb84b97-ef19-48fc-b00f-3c26205e0b3c","ts":"2026-01-21T11:45:27.142-05:00","source":{"id":"0","name":"eventBus"}}
{"__type":"$$EventMessageWorkflow","id":"bd4559c8-cc3d-4ae9-83a6-d5155eaddc14","ts":"2026-01-21T11:45:27.142-05:00","eventName":"n8n.workflow.success","message":"n8n.workflow.success","payload":{"userId":"39b4cd89-0f17-463c-ad34-2c7cec5db3db","executionId":"48","success":true,"isManual":true,"workflowId":"WnwTXrqtQtRu0zYI","workflowName":"workflow_fase-3"}}
{"__type":"$$EventMessageConfirm","confirm":"bd4559c8-cc3d-4ae9-83a6-d5155eaddc14","ts":"2026-01-21T11:45:27.142-05:00","source":{"id":"0","name":"eventBus"}}
{"__type":"$$EventMessageWorkflow","id":"80e1d2c7-5f6b-4145-aff7-18a471b54e0d","ts":"2026-01-21T11:50:54.101-05:00","eventName":"n8n.workflow.started","message":"n8n.workflow.started","payload":{"executionId":"49","workflowId":"WnwTXrqtQtRu0zYI","isManual":false,"workflowName":"workflow_fase-3"}}
{"__type":"$$EventMessageConfirm","confirm":"80e1d2c7-5f6b-4145-aff7-18a471b54e0d","ts":"2026-01-21T11:50:54.102-05:00","source":{"id":"0","name":"eventBus"}}
{"__type":"$$EventMessageNode","id":"369c9aeb-9754-4e77-835f-868017ff800c","ts":"2026-01-21T11:50:54.102-05:00","eventName":"n8n.node.started","message":"n8n.node.started","payload":{"workflowId":"WnwTXrqtQtRu0zYI","workflowName":"workflow_fase-3","executionId":"49","nodeType":"n8n-nodes-base.code","nodeName":"nodo 4: detectar leyes","nodeId":"1f596134-7255-4b26-83ef-177e80a2ca09"}}
{"__type":"$$EventMessageConfirm","confirm":"369c9aeb-9754-4e77-835f-868017ff800c","ts":"2026-01-21T11:50:54.102-05:00","source":{"id":"0","name":"eventBus"}}
{"__type":"$$EventMessageRunner","id":"21d8ed14-2d87-4cf0-ad0a-d750644f5f16","ts":"2026-01-21T11:50:54.105-05:00","eventName":"n8n.runner.task.requested","message":"n8n.runner.task.requested","payload":{"taskId":"ThbhKXGG","nodeId":"1f596134-7255-4b26-83ef-177e80a2ca09","workflowId":"WnwTXrqtQtRu0zYI","executionId":"49"}}
{"__type":"$$EventMessageConfirm","confirm":"21d8ed14-2d87-4cf0-ad0a-d750644f5f16","ts":"2026-01-21T11:50:54.105-05:00","source":{"id":"0","name":"eventBus"}}
{"__type":"$$EventMessageNode","id":"aa739d6a-13a5-40b9-a24e-0eea994be123","ts":"2026-01-21T11:50:54.130-05:00","eventName":"n8n.node.finished","message":"n8n.node.finished","payload":{"workflowId":"WnwTXrqtQtRu0zYI","workflowName":"workflow_fase-3","executionId":"49","nodeType":"n8n-nodes-base.code","nodeName":"nodo 4: detectar leyes","nodeId":"1f596134-7255-4b26-83ef-177e80a2ca09"}}
{"__type":"$$EventMessageConfirm","confirm":"aa739d6a-13a5-40b9-a24e-0eea994be123","ts":"2026-01-21T11:50:54.130-05:00","source":{"id":"0","name":"eventBus"}}
{"__type":"$$EventMessageWorkflow","id":"9154b595-1a54-41c5-a4e7-57ff10ca2b90","ts":"2026-01-21T11:50:54.131-05:00","eventName":"n8n.workflow.failed","message":"n8n.workflow.failed","payload":{"userId":"39b4cd89-0f17-463c-ad34-2c7cec5db3db","executionId":"49","success":false,"isManual":true,"workflowId":"WnwTXrqtQtRu0zYI","workflowName":"workflow_fase-3","lastNodeExecuted":"nodo 4: detectar leyes","errorMessage":"Unexpected token 'const' "}}
{"__type":"$$EventMessageConfirm","confirm":"9154b595-1a54-41c5-a4e7-57ff10ca2b90","ts":"2026-01-21T11:50:54.131-05:00","source":{"id":"0","name":"eventBus"}}
{"__type":"$$EventMessageWorkflow","id":"ee7446db-46f8-4a98-9303-8b1ae1db674d","ts":"2026-01-21T11:50:57.657-05:00","eventName":"n8n.workflow.started","message":"n8n.workflow.started","payload":{"executionId":"50","workflowId":"WnwTXrqtQtRu0zYI","isManual":false,"workflowName":"workflow_fase-3"}}
{"__type":"$$EventMessageConfirm","confirm":"ee7446db-46f8-4a98-9303-8b1ae1db674d","ts":"2026-01-21T11:50:57.657-05:00","source":{"id":"0","name":"eventBus"}}
{"__type":"$$EventMessageNode","id":"26c33edc-3477-43bb-a6d9-62c6171b6d95","ts":"2026-01-21T11:50:57.658-05:00","eventName":"n8n.node.started","message":"n8n.node.started","payload":{"workflowId":"WnwTXrqtQtRu0zYI","workflowName":"workflow_fase-3","executionId":"50","nodeType":"n8n-nodes-base.code","nodeName":"nodo 4: detectar leyes","nodeId":"1f596134-7255-4b26-83ef-177e80a2ca09"}}
{"__type":"$$EventMessageConfirm","confirm":"26c33edc-3477-43bb-a6d9-62c6171b6d95","ts":"2026-01-21T11:50:57.658-05:00","source":{"id":"0","name":"eventBus"}}
{"__type":"$$EventMessageRunner","id":"a33a532b-07e1-4fa8-8317-46062effd9fe","ts":"2026-01-21T11:50:57.667-05:00","eventName":"n8n.runner.task.requested","message":"n8n.runner.task.requested","payload":{"taskId":"SYc5QvDs","nodeId":"1f596134-7255-4b26-83ef-177e80a2ca09","workflowId":"WnwTXrqtQtRu0zYI","executionId":"50"}}
{"__type":"$$EventMessageConfirm","confirm":"a33a532b-07e1-4fa8-8317-46062effd9fe","ts":"2026-01-21T11:50:57.667-05:00","source":{"id":"0","name":"eventBus"}}
{"__type":"$$EventMessageNode","id":"74ef677d-f1b8-4e70-bcb2-835a5dd80039","ts":"2026-01-21T11:50:57.676-05:00","eventName":"n8n.node.finished","message":"n8n.node.finished","payload":{"workflowId":"WnwTXrqtQtRu0zYI","workflowName":"workflow_fase-3","executionId":"50","nodeType":"n8n-nodes-base.code","nodeName":"nodo 4: detectar leyes","nodeId":"1f596134-7255-4b26-83ef-177e80a2ca09"}}
{"__type":"$$EventMessageConfirm","confirm":"74ef677d-f1b8-4e70-bcb2-835a5dd80039","ts":"2026-01-21T11:50:57.676-05:00","source":{"id":"0","name":"eventBus"}}
{"__type":"$$EventMessageWorkflow","id":"c4c6df98-fbc0-4277-99a3-13227a3a8653","ts":"2026-01-21T11:50:57.677-05:00","eventName":"n8n.workflow.failed","message":"n8n.workflow.failed","payload":{"userId":"39b4cd89-0f17-463c-ad34-2c7cec5db3db","executionId":"50","success":false,"isManual":true,"workflowId":"WnwTXrqtQtRu0zYI","workflowName":"workflow_fase-3","lastNodeExecuted":"nodo 4: detectar leyes","errorMessage":"Unexpected token 'const' "}}
{"__type":"$$EventMessageConfirm","confirm":"c4c6df98-fbc0-4277-99a3-13227a3a8653","ts":"2026-01-21T11:50:57.677-05:00","source":{"id":"0","name":"eventBus"}}
{"__type":"$$EventMessageAudit","id":"9df4bfcf-2bd3-42eb-b30f-4d0775d371b1","ts":"2026-01-21T11:51:49.750-05:00","eventName":"n8n.audit.workflow.updated","message":"n8n.audit.workflow.updated","payload":{"userId":"39b4cd89-0f17-463c-ad34-2c7cec5db3db","_email":"rafa.navarro.2006@gmail.com","_firstName":"Rafael","_lastName":"Navarro","globalRole":"global:owner","workflowId":"WnwTXrqtQtRu0zYI","workflowName":"workflow_fase-3"}}
{"__type":"$$EventMessageConfirm","confirm":"9df4bfcf-2bd3-42eb-b30f-4d0775d371b1","ts":"2026-01-21T11:51:49.750-05:00","source":{"id":"0","name":"eventBus"}}
{"__type":"$$EventMessageWorkflow","id":"c6815734-82e9-467c-8dee-28214e449fc7","ts":"2026-01-21T11:51:50.594-05:00","eventName":"n8n.workflow.started","message":"n8n.workflow.started","payload":{"executionId":"51","workflowId":"WnwTXrqtQtRu0zYI","isManual":false,"workflowName":"workflow_fase-3"}}
{"__type":"$$EventMessageConfirm","confirm":"c6815734-82e9-467c-8dee-28214e449fc7","ts":"2026-01-21T11:51:50.594-05:00","source":{"id":"0","name":"eventBus"}}
{"__type":"$$EventMessageNode","id":"3f5bc8e6-1ded-4132-bbf2-3c9f731e0cd3","ts":"2026-01-21T11:51:50.595-05:00","eventName":"n8n.node.started","message":"n8n.node.started","payload":{"workflowId":"WnwTXrqtQtRu0zYI","workflowName":"workflow_fase-3","executionId":"51","nodeType":"n8n-nodes-base.code","nodeName":"nodo 4: detectar leyes","nodeId":"1f596134-7255-4b26-83ef-177e80a2ca09"}}
{"__type":"$$EventMessageConfirm","confirm":"3f5bc8e6-1ded-4132-bbf2-3c9f731e0cd3","ts":"2026-01-21T11:51:50.595-05:00","source":{"id":"0","name":"eventBus"}}
{"__type":"$$EventMessageRunner","id":"3731d87a-815f-432f-ad78-30ee73f2d376","ts":"2026-01-21T11:51:50.597-05:00","eventName":"n8n.runner.task.requested","message":"n8n.runner.task.requested","payload":{"taskId":"iszaxLHP","nodeId":"1f596134-7255-4b26-83ef-177e80a2ca09","workflowId":"WnwTXrqtQtRu0zYI","executionId":"51"}}
{"__type":"$$EventMessageConfirm","confirm":"3731d87a-815f-432f-ad78-30ee73f2d376","ts":"2026-01-21T11:51:50.597-05:00","source":{"id":"0","name":"eventBus"}}
{"__type":"$$EventMessageRunner","id":"e1ce0245-747b-4170-bb99-f436d93176d1","ts":"2026-01-21T11:51:50.610-05:00","eventName":"n8n.runner.response.received","message":"n8n.runner.response.received","payload":{"taskId":"iszaxLHP","nodeId":"1f596134-7255-4b26-83ef-177e80a2ca09","workflowId":"WnwTXrqtQtRu0zYI","executionId":"51"}}
{"__type":"$$EventMessageConfirm","confirm":"e1ce0245-747b-4170-bb99-f436d93176d1","ts":"2026-01-21T11:51:50.610-05:00","source":{"id":"0","name":"eventBus"}}
{"__type":"$$EventMessageNode","id":"9b72d941-f2bb-4b27-8561-1757991d916a","ts":"2026-01-21T11:51:50.611-05:00","eventName":"n8n.node.finished","message":"n8n.node.finished","payload":{"workflowId":"WnwTXrqtQtRu0zYI","workflowName":"workflow_fase-3","executionId":"51","nodeType":"n8n-nodes-base.code","nodeName":"nodo 4: detectar leyes","nodeId":"1f596134-7255-4b26-83ef-177e80a2ca09"}}
{"__type":"$$EventMessageConfirm","confirm":"9b72d941-f2bb-4b27-8561-1757991d916a","ts":"2026-01-21T11:51:50.611-05:00","source":{"id":"0","name":"eventBus"}}
{"__type":"$$EventMessageWorkflow","id":"8c98852e-95d8-4173-b708-031287c46d1a","ts":"2026-01-21T11:51:50.612-05:00","eventName":"n8n.workflow.success","message":"n8n.workflow.success","payload":{"userId":"39b4cd89-0f17-463c-ad34-2c7cec5db3db","executionId":"51","success":true,"isManual":true,"workflowId":"WnwTXrqtQtRu0zYI","workflowName":"workflow_fase-3"}}
{"__type":"$$EventMessageConfirm","confirm":"8c98852e-95d8-4173-b708-031287c46d1a","ts":"2026-01-21T11:51:50.612-05:00","source":{"id":"0","name":"eventBus"}}
{"__type":"$$EventMessageWorkflow","id":"faa25a2e-4cc2-4538-97e2-56b80a5288fc","ts":"2026-01-21T11:51:55.130-05:00","eventName":"n8n.workflow.started","message":"n8n.workflow.started","payload":{"executionId":"52","workflowId":"WnwTXrqtQtRu0zYI","isManual":false,"workflowName":"workflow_fase-3"}}
{"__type":"$$EventMessageConfirm","confirm":"faa25a2e-4cc2-4538-97e2-56b80a5288fc","ts":"2026-01-21T11:51:55.130-05:00","source":{"id":"0","name":"eventBus"}}
{"__type":"$$EventMessageNode","id":"82b30aba-c782-4581-937a-c6df9794b10d","ts":"2026-01-21T11:51:55.130-05:00","eventName":"n8n.node.started","message":"n8n.node.started","payload":{"workflowId":"WnwTXrqtQtRu0zYI","workflowName":"workflow_fase-3","executionId":"52","nodeType":"n8n-nodes-base.scheduleTrigger","nodeName":"Schedule Trigger","nodeId":"ced7dde5-f052-4ee7-a2c4-8728e6b96ae7"}}
{"__type":"$$EventMessageConfirm","confirm":"82b30aba-c782-4581-937a-c6df9794b10d","ts":"2026-01-21T11:51:55.130-05:00","source":{"id":"0","name":"eventBus"}}
{"__type":"$$EventMessageNode","id":"0b115db1-3b6b-4cc8-8322-ecdea0edb51b","ts":"2026-01-21T11:51:55.132-05:00","eventName":"n8n.node.finished","message":"n8n.node.finished","payload":{"workflowId":"WnwTXrqtQtRu0zYI","workflowName":"workflow_fase-3","executionId":"52","nodeType":"n8n-nodes-base.scheduleTrigger","nodeName":"Schedule Trigger","nodeId":"ced7dde5-f052-4ee7-a2c4-8728e6b96ae7"}}
{"__type":"$$EventMessageConfirm","confirm":"0b115db1-3b6b-4cc8-8322-ecdea0edb51b","ts":"2026-01-21T11:51:55.132-05:00","source":{"id":"0","name":"eventBus"}}
{"__type":"$$EventMessageNode","id":"36cf7b76-8708-4998-b7cc-7551e3a621e1","ts":"2026-01-21T11:51:55.132-05:00","eventName":"n8n.node.started","message":"n8n.node.started","payload":{"workflowId":"WnwTXrqtQtRu0zYI","workflowName":"workflow_fase-3","executionId":"52","nodeType":"n8n-nodes-base.readWriteFile","nodeName":"Read/Write Files from Disk","nodeId":"a19bcd29-6753-4ec7-add2-c3c1e2e8a69d"}}
{"__type":"$$EventMessageConfirm","confirm":"36cf7b76-8708-4998-b7cc-7551e3a621e1","ts":"2026-01-21T11:51:55.132-05:00","source":{"id":"0","name":"eventBus"}}
{"__type":"$$EventMessageNode","id":"93a74fc8-db99-47a4-b874-620b7eeffb3e","ts":"2026-01-21T11:51:55.138-05:00","eventName":"n8n.node.finished","message":"n8n.node.finished","payload":{"workflowId":"WnwTXrqtQtRu0zYI","workflowName":"workflow_fase-3","executionId":"52","nodeType":"n8n-nodes-base.readWriteFile","nodeName":"Read/Write Files from Disk","nodeId":"a19bcd29-6753-4ec7-add2-c3c1e2e8a69d"}}
{"__type":"$$EventMessageConfirm","confirm":"93a74fc8-db99-47a4-b874-620b7eeffb3e","ts":"2026-01-21T11:51:55.138-05:00","source":{"id":"0","name":"eventBus"}}
{"__type":"$$EventMessageNode","id":"ba680c3c-796c-4d4f-af0b-446c7429a8db","ts":"2026-01-21T11:51:55.139-05:00","eventName":"n8n.node.started","message":"n8n.node.started","payload":{"workflowId":"WnwTXrqtQtRu0zYI","workflowName":"workflow_fase-3","executionId":"52","nodeType":"n8n-nodes-base.extractFromFile","nodeName":"Extract from File","nodeId":"7a5de3a5-26dc-4f93-8a19-cc69c09b77b1"}}
{"__type":"$$EventMessageConfirm","confirm":"ba680c3c-796c-4d4f-af0b-446c7429a8db","ts":"2026-01-21T11:51:55.139-05:00","source":{"id":"0","name":"eventBus"}}
{"__type":"$$EventMessageNode","id":"7cffabe7-2991-4d68-b0a2-8b78b206e0f4","ts":"2026-01-21T11:51:55.139-05:00","eventName":"n8n.node.finished","message":"n8n.node.finished","payload":{"workflowId":"WnwTXrqtQtRu0zYI","workflowName":"workflow_fase-3","executionId":"52","nodeType":"n8n-nodes-base.extractFromFile","nodeName":"Extract from File","nodeId":"7a5de3a5-26dc-4f93-8a19-cc69c09b77b1"}}
{"__type":"$$EventMessageConfirm","confirm":"7cffabe7-2991-4d68-b0a2-8b78b206e0f4","ts":"2026-01-21T11:51:55.139-05:00","source":{"id":"0","name":"eventBus"}}
{"__type":"$$EventMessageNode","id":"cdb379d0-f2e9-462e-8e62-fde2413c87e4","ts":"2026-01-21T11:51:55.140-05:00","eventName":"n8n.node.started","message":"n8n.node.started","payload":{"workflowId":"WnwTXrqtQtRu0zYI","workflowName":"workflow_fase-3","executionId":"52","nodeType":"n8n-nodes-base.code","nodeName":"Code in JavaScript","nodeId":"084a8775-5cc1-4eda-9ffd-2457cdd8c237"}}
{"__type":"$$EventMessageConfirm","confirm":"cdb379d0-f2e9-462e-8e62-fde2413c87e4","ts":"2026-01-21T11:51:55.140-05:00","source":{"id":"0","name":"eventBus"}}
{"__type":"$$EventMessageRunner","id":"d36d714a-8d0e-4de4-a46e-ee384509b122","ts":"2026-01-21T11:51:55.141-05:00","eventName":"n8n.runner.task.requested","message":"n8n.runner.task.requested","payload":{"taskId":"ztoUn0Rj","nodeId":"084a8775-5cc1-4eda-9ffd-2457cdd8c237","workflowId":"WnwTXrqtQtRu0zYI","executionId":"52"}}
{"__type":"$$EventMessageConfirm","confirm":"d36d714a-8d0e-4de4-a46e-ee384509b122","ts":"2026-01-21T11:51:55.141-05:00","source":{"id":"0","name":"eventBus"}}
{"__type":"$$EventMessageRunner","id":"1bf8f44e-7293-4195-b615-7d87b107c55a","ts":"2026-01-21T11:51:55.146-05:00","eventName":"n8n.runner.response.received","message":"n8n.runner.response.received","payload":{"taskId":"ztoUn0Rj","nodeId":"084a8775-5cc1-4eda-9ffd-2457cdd8c237","workflowId":"WnwTXrqtQtRu0zYI","executionId":"52"}}
{"__type":"$$EventMessageConfirm","confirm":"1bf8f44e-7293-4195-b615-7d87b107c55a","ts":"2026-01-21T11:51:55.146-05:00","source":{"id":"0","name":"eventBus"}}
{"__type":"$$EventMessageNode","id":"9f8498b2-e1c8-4417-a75a-d327f37b684c","ts":"2026-01-21T11:51:55.146-05:00","eventName":"n8n.node.finished","message":"n8n.node.finished","payload":{"workflowId":"WnwTXrqtQtRu0zYI","workflowName":"workflow_fase-3","executionId":"52","nodeType":"n8n-nodes-base.code","nodeName":"Code in JavaScript","nodeId":"084a8775-5cc1-4eda-9ffd-2457cdd8c237"}}
{"__type":"$$EventMessageConfirm","confirm":"9f8498b2-e1c8-4417-a75a-d327f37b684c","ts":"2026-01-21T11:51:55.146-05:00","source":{"id":"0","name":"eventBus"}}
{"__type":"$$EventMessageNode","id":"b289090c-3055-4a2c-827b-310850b24022","ts":"2026-01-21T11:51:55.146-05:00","eventName":"n8n.node.started","message":"n8n.node.started","payload":{"workflowId":"WnwTXrqtQtRu0zYI","workflowName":"workflow_fase-3","executionId":"52","nodeType":"n8n-nodes-base.code","nodeName":"nodo 4: detectar leyes","nodeId":"1f596134-7255-4b26-83ef-177e80a2ca09"}}
{"__type":"$$EventMessageConfirm","confirm":"b289090c-3055-4a2c-827b-310850b24022","ts":"2026-01-21T11:51:55.146-05:00","source":{"id":"0","name":"eventBus"}}
{"__type":"$$EventMessageRunner","id":"ab5eda5b-e8f3-4967-a350-54b81dbd3cdd","ts":"2026-01-21T11:51:55.147-05:00","eventName":"n8n.runner.task.requested","message":"n8n.runner.task.requested","payload":{"taskId":"frAPD0VQ","nodeId":"1f596134-7255-4b26-83ef-177e80a2ca09","workflowId":"WnwTXrqtQtRu0zYI","executionId":"52"}}
{"__type":"$$EventMessageConfirm","confirm":"ab5eda5b-e8f3-4967-a350-54b81dbd3cdd","ts":"2026-01-21T11:51:55.147-05:00","source":{"id":"0","name":"eventBus"}}
{"__type":"$$EventMessageRunner","id":"4c789f8d-2161-437d-b5bf-047e15bb71f7","ts":"2026-01-21T11:51:55.155-05:00","eventName":"n8n.runner.response.received","message":"n8n.runner.response.received","payload":{"taskId":"frAPD0VQ","nodeId":"1f596134-7255-4b26-83ef-177e80a2ca09","workflowId":"WnwTXrqtQtRu0zYI","executionId":"52"}}
{"__type":"$$EventMessageConfirm","confirm":"4c789f8d-2161-437d-b5bf-047e15bb71f7","ts":"2026-01-21T11:51:55.155-05:00","source":{"id":"0","name":"eventBus"}}
{"__type":"$$EventMessageNode","id":"0fac98e7-6e65-4dce-a09e-2824b39c3bb3","ts":"2026-01-21T11:51:55.155-05:00","eventName":"n8n.node.finished","message":"n8n.node.finished","payload":{"workflowId":"WnwTXrqtQtRu0zYI","workflowName":"workflow_fase-3","executionId":"52","nodeType":"n8n-nodes-base.code","nodeName":"nodo 4: detectar leyes","nodeId":"1f596134-7255-4b26-83ef-177e80a2ca09"}}
{"__type":"$$EventMessageConfirm","confirm":"0fac98e7-6e65-4dce-a09e-2824b39c3bb3","ts":"2026-01-21T11:51:55.155-05:00","source":{"id":"0","name":"eventBus"}}
{"__type":"$$EventMessageNode","id":"e0433900-0b34-4224-b51c-25568e5033fc","ts":"2026-01-21T11:51:55.156-05:00","eventName":"n8n.node.started","message":"n8n.node.started","payload":{"workflowId":"WnwTXrqtQtRu0zYI","workflowName":"workflow_fase-3","executionId":"52","nodeType":"n8n-nodes-base.code","nodeName":"Enriquecimiento Threat Intel","nodeId":"c8385269-9589-4f0e-823e-03a33ae16e42"}}
{"__type":"$$EventMessageConfirm","confirm":"e0433900-0b34-4224-b51c-25568e5033fc","ts":"2026-01-21T11:51:55.156-05:00","source":{"id":"0","name":"eventBus"}}
{"__type":"$$EventMessageRunner","id":"e3102755-bd19-424b-b90f-564779df5213","ts":"2026-01-21T11:51:55.157-05:00","eventName":"n8n.runner.task.requested","message":"n8n.runner.task.requested","payload":{"taskId":"gOB7hLql","nodeId":"c8385269-9589-4f0e-823e-03a33ae16e42","workflowId":"WnwTXrqtQtRu0zYI","executionId":"52"}}
{"__type":"$$EventMessageConfirm","confirm":"e3102755-bd19-424b-b90f-564779df5213","ts":"2026-01-21T11:51:55.157-05:00","source":{"id":"0","name":"eventBus"}}
{"__type":"$$EventMessageRunner","id":"e4855252-05c1-43f0-acfd-8d7450d056fa","ts":"2026-01-21T11:51:55.164-05:00","eventName":"n8n.runner.response.received","message":"n8n.runner.response.received","payload":{"taskId":"gOB7hLql","nodeId":"c8385269-9589-4f0e-823e-03a33ae16e42","workflowId":"WnwTXrqtQtRu0zYI","executionId":"52"}}
{"__type":"$$EventMessageConfirm","confirm":"e4855252-05c1-43f0-acfd-8d7450d056fa","ts":"2026-01-21T11:51:55.165-05:00","source":{"id":"0","name":"eventBus"}}
{"__type":"$$EventMessageNode","id":"a5f2185d-d76f-4144-9e3e-abfe94182078","ts":"2026-01-21T11:51:55.165-05:00","eventName":"n8n.node.finished","message":"n8n.node.finished","payload":{"workflowId":"WnwTXrqtQtRu0zYI","workflowName":"workflow_fase-3","executionId":"52","nodeType":"n8n-nodes-base.code","nodeName":"Enriquecimiento Threat Intel","nodeId":"c8385269-9589-4f0e-823e-03a33ae16e42"}}
{"__type":"$$EventMessageConfirm","confirm":"a5f2185d-d76f-4144-9e3e-abfe94182078","ts":"2026-01-21T11:51:55.165-05:00","source":{"id":"0","name":"eventBus"}}
{"__type":"$$EventMessageNode","id":"b4cfd999-621f-425c-af06-208bf522c3bb","ts":"2026-01-21T11:51:55.165-05:00","eventName":"n8n.node.started","message":"n8n.node.started","payload":{"workflowId":"WnwTXrqtQtRu0zYI","workflowName":"workflow_fase-3","executionId":"52","nodeType":"n8n-nodes-base.switch","nodeName":"Switch","nodeId":"880c72b3-8570-49a9-93fe-5c22896651e5"}}
{"__type":"$$EventMessageConfirm","confirm":"b4cfd999-621f-425c-af06-208bf522c3bb","ts":"2026-01-21T11:51:55.165-05:00","source":{"id":"0","name":"eventBus"}}
{"__type":"$$EventMessageNode","id":"1fd23f59-4864-4eed-915f-0c25188ca7c8","ts":"2026-01-21T11:51:55.169-05:00","eventName":"n8n.node.finished","message":"n8n.node.finished","payload":{"workflowId":"WnwTXrqtQtRu0zYI","workflowName":"workflow_fase-3","executionId":"52","nodeType":"n8n-nodes-base.switch","nodeName":"Switch","nodeId":"880c72b3-8570-49a9-93fe-5c22896651e5"}}
{"__type":"$$EventMessageConfirm","confirm":"1fd23f59-4864-4eed-915f-0c25188ca7c8","ts":"2026-01-21T11:51:55.169-05:00","source":{"id":"0","name":"eventBus"}}
{"__type":"$$EventMessageNode","id":"83ed4f24-f1c1-4a48-8569-a1ba2204b719","ts":"2026-01-21T11:51:55.169-05:00","eventName":"n8n.node.started","message":"n8n.node.started","payload":{"workflowId":"WnwTXrqtQtRu0zYI","workflowName":"workflow_fase-3","executionId":"52","nodeType":"n8n-nodes-base.postgres","nodeName":"Insert rows in a table","nodeId":"c17411ee-c86c-45e3-9480-f0be3bc3651e"}}
{"__type":"$$EventMessageConfirm","confirm":"83ed4f24-f1c1-4a48-8569-a1ba2204b719","ts":"2026-01-21T11:51:55.169-05:00","source":{"id":"0","name":"eventBus"}}
{"__type":"$$EventMessageNode","id":"e4ce0964-bb2c-45a1-805b-46d6b6fb0f2c","ts":"2026-01-21T11:51:55.193-05:00","eventName":"n8n.node.finished","message":"n8n.node.finished","payload":{"workflowId":"WnwTXrqtQtRu0zYI","workflowName":"workflow_fase-3","executionId":"52","nodeType":"n8n-nodes-base.postgres","nodeName":"Insert rows in a table","nodeId":"c17411ee-c86c-45e3-9480-f0be3bc3651e"}}
{"__type":"$$EventMessageConfirm","confirm":"e4ce0964-bb2c-45a1-805b-46d6b6fb0f2c","ts":"2026-01-21T11:51:55.193-05:00","source":{"id":"0","name":"eventBus"}}
{"__type":"$$EventMessageNode","id":"7361ef16-6cfa-4968-8abd-3e0929f8297d","ts":"2026-01-21T11:51:55.193-05:00","eventName":"n8n.node.started","message":"n8n.node.started","payload":{"workflowId":"WnwTXrqtQtRu0zYI","workflowName":"workflow_fase-3","executionId":"52","nodeType":"n8n-nodes-base.code","nodeName":"nodo 7: notificaciones","nodeId":"71441aa7-0fe9-4784-b47a-8e384c1ceaa8"}}
{"__type":"$$EventMessageConfirm","confirm":"7361ef16-6cfa-4968-8abd-3e0929f8297d","ts":"2026-01-21T11:51:55.193-05:00","source":{"id":"0","name":"eventBus"}}
{"__type":"$$EventMessageRunner","id":"fbe27933-df69-43d1-bdbf-7c0e9ae30295","ts":"2026-01-21T11:51:55.194-05:00","eventName":"n8n.runner.task.requested","message":"n8n.runner.task.requested","payload":{"taskId":"3MgA2-NU","nodeId":"71441aa7-0fe9-4784-b47a-8e384c1ceaa8","workflowId":"WnwTXrqtQtRu0zYI","executionId":"52"}}
{"__type":"$$EventMessageConfirm","confirm":"fbe27933-df69-43d1-bdbf-7c0e9ae30295","ts":"2026-01-21T11:51:55.194-05:00","source":{"id":"0","name":"eventBus"}}
{"__type":"$$EventMessageRunner","id":"2e898e31-04d5-4c92-913c-155a49f7a84f","ts":"2026-01-21T11:51:55.207-05:00","eventName":"n8n.runner.response.received","message":"n8n.runner.response.received","payload":{"taskId":"3MgA2-NU","nodeId":"71441aa7-0fe9-4784-b47a-8e384c1ceaa8","workflowId":"WnwTXrqtQtRu0zYI","executionId":"52"}}
{"__type":"$$EventMessageConfirm","confirm":"2e898e31-04d5-4c92-913c-155a49f7a84f","ts":"2026-01-21T11:51:55.207-05:00","source":{"id":"0","name":"eventBus"}}
{"__type":"$$EventMessageNode","id":"68f108e4-f8d3-44ad-97e9-b4c3a27c5024","ts":"2026-01-21T11:51:55.208-05:00","eventName":"n8n.node.finished","message":"n8n.node.finished","payload":{"workflowId":"WnwTXrqtQtRu0zYI","workflowName":"workflow_fase-3","executionId":"52","nodeType":"n8n-nodes-base.code","nodeName":"nodo 7: notificaciones","nodeId":"71441aa7-0fe9-4784-b47a-8e384c1ceaa8"}}
{"__type":"$$EventMessageConfirm","confirm":"68f108e4-f8d3-44ad-97e9-b4c3a27c5024","ts":"2026-01-21T11:51:55.208-05:00","source":{"id":"0","name":"eventBus"}}
{"__type":"$$EventMessageNode","id":"761e0045-a840-4719-9dd0-6a44ba49ec01","ts":"2026-01-21T11:51:55.209-05:00","eventName":"n8n.node.started","message":"n8n.node.started","payload":{"workflowId":"WnwTXrqtQtRu0zYI","workflowName":"workflow_fase-3","executionId":"52","nodeType":"n8n-nodes-base.code","nodeName":"nodo 9: resumen","nodeId":"f0b964b2-1301-407b-a2e7-650499e767f9"}}
{"__type":"$$EventMessageConfirm","confirm":"761e0045-a840-4719-9dd0-6a44ba49ec01","ts":"2026-01-21T11:51:55.209-05:00","source":{"id":"0","name":"eventBus"}}
{"__type":"$$EventMessageRunner","id":"5061c98c-babb-4e9b-ba52-5bc2d2086b0a","ts":"2026-01-21T11:51:55.210-05:00","eventName":"n8n.runner.task.requested","message":"n8n.runner.task.requested","payload":{"taskId":"Rh1YmPbf","nodeId":"f0b964b2-1301-407b-a2e7-650499e767f9","workflowId":"WnwTXrqtQtRu0zYI","executionId":"52"}}
{"__type":"$$EventMessageConfirm","confirm":"5061c98c-babb-4e9b-ba52-5bc2d2086b0a","ts":"2026-01-21T11:51:55.210-05:00","source":{"id":"0","name":"eventBus"}}
{"__type":"$$EventMessageRunner","id":"a7d74356-e685-4fe6-bd9d-9651ff5809f4","ts":"2026-01-21T11:51:55.221-05:00","eventName":"n8n.runner.response.received","message":"n8n.runner.response.received","payload":{"taskId":"Rh1YmPbf","nodeId":"f0b964b2-1301-407b-a2e7-650499e767f9","workflowId":"WnwTXrqtQtRu0zYI","executionId":"52"}}
{"__type":"$$EventMessageConfirm","confirm":"a7d74356-e685-4fe6-bd9d-9651ff5809f4","ts":"2026-01-21T11:51:55.221-05:00","source":{"id":"0","name":"eventBus"}}
{"__type":"$$EventMessageNode","id":"db73eee8-1d1e-443a-be69-e23047592e82","ts":"2026-01-21T11:51:55.222-05:00","eventName":"n8n.node.finished","message":"n8n.node.finished","payload":{"workflowId":"WnwTXrqtQtRu0zYI","workflowName":"workflow_fase-3","executionId":"52","nodeType":"n8n-nodes-base.code","nodeName":"nodo 9: resumen","nodeId":"f0b964b2-1301-407b-a2e7-650499e767f9"}}
{"__type":"$$EventMessageConfirm","confirm":"db73eee8-1d1e-443a-be69-e23047592e82","ts":"2026-01-21T11:51:55.222-05:00","source":{"id":"0","name":"eventBus"}}
{"__type":"$$EventMessageNode","id":"b70a254c-0f38-4374-bbbb-a9344b09dce7","ts":"2026-01-21T11:51:55.222-05:00","eventName":"n8n.node.started","message":"n8n.node.started","payload":{"workflowId":"WnwTXrqtQtRu0zYI","workflowName":"workflow_fase-3","executionId":"52","nodeType":"n8n-nodes-base.code","nodeName":"HTTP Request","nodeId":"cb2bce2d-31e0-44c8-9722-b8a7d3fad9a7"}}
{"__type":"$$EventMessageConfirm","confirm":"b70a254c-0f38-4374-bbbb-a9344b09dce7","ts":"2026-01-21T11:51:55.222-05:00","source":{"id":"0","name":"eventBus"}}
{"__type":"$$EventMessageRunner","id":"9073a3e3-bd8a-437a-a0b9-f5317a28a773","ts":"2026-01-21T11:51:55.224-05:00","eventName":"n8n.runner.task.requested","message":"n8n.runner.task.requested","payload":{"taskId":"jI72IBIC","nodeId":"cb2bce2d-31e0-44c8-9722-b8a7d3fad9a7","workflowId":"WnwTXrqtQtRu0zYI","executionId":"52"}}
{"__type":"$$EventMessageConfirm","confirm":"9073a3e3-bd8a-437a-a0b9-f5317a28a773","ts":"2026-01-21T11:51:55.224-05:00","source":{"id":"0","name":"eventBus"}}
{"__type":"$$EventMessageRunner","id":"8551cfa4-7e8a-4ba3-ad74-2b1dd52b51c2","ts":"2026-01-21T11:51:55.231-05:00","eventName":"n8n.runner.response.received","message":"n8n.runner.response.received","payload":{"taskId":"jI72IBIC","nodeId":"cb2bce2d-31e0-44c8-9722-b8a7d3fad9a7","workflowId":"WnwTXrqtQtRu0zYI","executionId":"52"}}
{"__type":"$$EventMessageConfirm","confirm":"8551cfa4-7e8a-4ba3-ad74-2b1dd52b51c2","ts":"2026-01-21T11:51:55.232-05:00","source":{"id":"0","name":"eventBus"}}
{"__type":"$$EventMessageNode","id":"183c63e1-ef5d-446d-826c-88b2fd42e675","ts":"2026-01-21T11:51:55.232-05:00","eventName":"n8n.node.finished","message":"n8n.node.finished","payload":{"workflowId":"WnwTXrqtQtRu0zYI","workflowName":"workflow_fase-3","executionId":"52","nodeType":"n8n-nodes-base.code","nodeName":"HTTP Request","nodeId":"cb2bce2d-31e0-44c8-9722-b8a7d3fad9a7"}}
{"__type":"$$EventMessageConfirm","confirm":"183c63e1-ef5d-446d-826c-88b2fd42e675","ts":"2026-01-21T11:51:55.232-05:00","source":{"id":"0","name":"eventBus"}}
{"__type":"$$EventMessageWorkflow","id":"52337b6f-a234-47f2-9fb7-4345478ed1cd","ts":"2026-01-21T11:51:55.232-05:00","eventName":"n8n.workflow.success","message":"n8n.workflow.success","payload":{"userId":"39b4cd89-0f17-463c-ad34-2c7cec5db3db","executionId":"52","success":true,"isManual":true,"workflowId":"WnwTXrqtQtRu0zYI","workflowName":"workflow_fase-3"}}
{"__type":"$$EventMessageConfirm","confirm":"52337b6f-a234-47f2-9fb7-4345478ed1cd","ts":"2026-01-21T11:51:55.232-05:00","source":{"id":"0","name":"eventBus"}}
{"__type":"$$EventMessageWorkflow","id":"1220a9a0-1e39-4c32-a158-9f1ac61cf2fa","ts":"2026-01-21T12:03:41.420-05:00","eventName":"n8n.workflow.started","message":"n8n.workflow.started","payload":{"executionId":"53","workflowId":"WnwTXrqtQtRu0zYI","isManual":false,"workflowName":"workflow_fase-3"}}
{"__type":"$$EventMessageConfirm","confirm":"1220a9a0-1e39-4c32-a158-9f1ac61cf2fa","ts":"2026-01-21T12:03:41.421-05:00","source":{"id":"0","name":"eventBus"}}
{"__type":"$$EventMessageNode","id":"9ac66a18-4518-4f6a-8695-22d4f827e535","ts":"2026-01-21T12:03:41.421-05:00","eventName":"n8n.node.started","message":"n8n.node.started","payload":{"workflowId":"WnwTXrqtQtRu0zYI","workflowName":"workflow_fase-3","executionId":"53","nodeType":"n8n-nodes-base.scheduleTrigger","nodeName":"Schedule Trigger","nodeId":"ced7dde5-f052-4ee7-a2c4-8728e6b96ae7"}}
{"__type":"$$EventMessageConfirm","confirm":"9ac66a18-4518-4f6a-8695-22d4f827e535","ts":"2026-01-21T12:03:41.421-05:00","source":{"id":"0","name":"eventBus"}}
{"__type":"$$EventMessageNode","id":"9233e9af-e162-4ea1-8b39-928b63b41e45","ts":"2026-01-21T12:03:41.423-05:00","eventName":"n8n.node.finished","message":"n8n.node.finished","payload":{"workflowId":"WnwTXrqtQtRu0zYI","workflowName":"workflow_fase-3","executionId":"53","nodeType":"n8n-nodes-base.scheduleTrigger","nodeName":"Schedule Trigger","nodeId":"ced7dde5-f052-4ee7-a2c4-8728e6b96ae7"}}
{"__type":"$$EventMessageConfirm","confirm":"9233e9af-e162-4ea1-8b39-928b63b41e45","ts":"2026-01-21T12:03:41.423-05:00","source":{"id":"0","name":"eventBus"}}
{"__type":"$$EventMessageNode","id":"60216151-9d1c-45a9-baf0-6348a0cdefa6","ts":"2026-01-21T12:03:41.424-05:00","eventName":"n8n.node.started","message":"n8n.node.started","payload":{"workflowId":"WnwTXrqtQtRu0zYI","workflowName":"workflow_fase-3","executionId":"53","nodeType":"n8n-nodes-base.readWriteFile","nodeName":"Read/Write Files from Disk","nodeId":"a19bcd29-6753-4ec7-add2-c3c1e2e8a69d"}}
{"__type":"$$EventMessageConfirm","confirm":"60216151-9d1c-45a9-baf0-6348a0cdefa6","ts":"2026-01-21T12:03:41.424-05:00","source":{"id":"0","name":"eventBus"}}
{"__type":"$$EventMessageNode","id":"7b55e692-93c7-4beb-8646-ab66da283801","ts":"2026-01-21T12:03:41.432-05:00","eventName":"n8n.node.finished","message":"n8n.node.finished","payload":{"workflowId":"WnwTXrqtQtRu0zYI","workflowName":"workflow_fase-3","executionId":"53","nodeType":"n8n-nodes-base.readWriteFile","nodeName":"Read/Write Files from Disk","nodeId":"a19bcd29-6753-4ec7-add2-c3c1e2e8a69d"}}
{"__type":"$$EventMessageConfirm","confirm":"7b55e692-93c7-4beb-8646-ab66da283801","ts":"2026-01-21T12:03:41.432-05:00","source":{"id":"0","name":"eventBus"}}
{"__type":"$$EventMessageNode","id":"a60f3269-60d0-4eee-b389-1bd8ddda39a1","ts":"2026-01-21T12:03:41.432-05:00","eventName":"n8n.node.started","message":"n8n.node.started","payload":{"workflowId":"WnwTXrqtQtRu0zYI","workflowName":"workflow_fase-3","executionId":"53","nodeType":"n8n-nodes-base.extractFromFile","nodeName":"Extract from File","nodeId":"7a5de3a5-26dc-4f93-8a19-cc69c09b77b1"}}
{"__type":"$$EventMessageConfirm","confirm":"a60f3269-60d0-4eee-b389-1bd8ddda39a1","ts":"2026-01-21T12:03:41.432-05:00","source":{"id":"0","name":"eventBus"}}
{"__type":"$$EventMessageNode","id":"b3dcb4d4-e0eb-4bfc-94fe-d5d0ab4415b2","ts":"2026-01-21T12:03:41.433-05:00","eventName":"n8n.node.finished","message":"n8n.node.finished","payload":{"workflowId":"WnwTXrqtQtRu0zYI","workflowName":"workflow_fase-3","executionId":"53","nodeType":"n8n-nodes-base.extractFromFile","nodeName":"Extract from File","nodeId":"7a5de3a5-26dc-4f93-8a19-cc69c09b77b1"}}
{"__type":"$$EventMessageConfirm","confirm":"b3dcb4d4-e0eb-4bfc-94fe-d5d0ab4415b2","ts":"2026-01-21T12:03:41.433-05:00","source":{"id":"0","name":"eventBus"}}
{"__type":"$$EventMessageNode","id":"eb991a06-5887-4e00-8c41-b3b3dc1b828d","ts":"2026-01-21T12:03:41.434-05:00","eventName":"n8n.node.started","message":"n8n.node.started","payload":{"workflowId":"WnwTXrqtQtRu0zYI","workflowName":"workflow_fase-3","executionId":"53","nodeType":"n8n-nodes-base.code","nodeName":"Code in JavaScript","nodeId":"084a8775-5cc1-4eda-9ffd-2457cdd8c237"}}
{"__type":"$$EventMessageConfirm","confirm":"eb991a06-5887-4e00-8c41-b3b3dc1b828d","ts":"2026-01-21T12:03:41.434-05:00","source":{"id":"0","name":"eventBus"}}
{"__type":"$$EventMessageRunner","id":"238cb959-cd59-43e0-adb9-890abf52464b","ts":"2026-01-21T12:03:41.435-05:00","eventName":"n8n.runner.task.requested","message":"n8n.runner.task.requested","payload":{"taskId":"GGECdfpx","nodeId":"084a8775-5cc1-4eda-9ffd-2457cdd8c237","workflowId":"WnwTXrqtQtRu0zYI","executionId":"53"}}
{"__type":"$$EventMessageConfirm","confirm":"238cb959-cd59-43e0-adb9-890abf52464b","ts":"2026-01-21T12:03:41.435-05:00","source":{"id":"0","name":"eventBus"}}
{"__type":"$$EventMessageRunner","id":"67110ae7-b0c6-4304-a3fe-931e7e6c9b7b","ts":"2026-01-21T12:03:41.442-05:00","eventName":"n8n.runner.response.received","message":"n8n.runner.response.received","payload":{"taskId":"GGECdfpx","nodeId":"084a8775-5cc1-4eda-9ffd-2457cdd8c237","workflowId":"WnwTXrqtQtRu0zYI","executionId":"53"}}
{"__type":"$$EventMessageConfirm","confirm":"67110ae7-b0c6-4304-a3fe-931e7e6c9b7b","ts":"2026-01-21T12:03:41.442-05:00","source":{"id":"0","name":"eventBus"}}
{"__type":"$$EventMessageNode","id":"fa379d00-0885-4989-bea6-3921c7b8e74d","ts":"2026-01-21T12:03:41.442-05:00","eventName":"n8n.node.finished","message":"n8n.node.finished","payload":{"workflowId":"WnwTXrqtQtRu0zYI","workflowName":"workflow_fase-3","executionId":"53","nodeType":"n8n-nodes-base.code","nodeName":"Code in JavaScript","nodeId":"084a8775-5cc1-4eda-9ffd-2457cdd8c237"}}
{"__type":"$$EventMessageConfirm","confirm":"fa379d00-0885-4989-bea6-3921c7b8e74d","ts":"2026-01-21T12:03:41.443-05:00","source":{"id":"0","name":"eventBus"}}
{"__type":"$$EventMessageNode","id":"0df57e93-98bf-486d-92aa-6ad91ef6570a","ts":"2026-01-21T12:03:41.444-05:00","eventName":"n8n.node.started","message":"n8n.node.started","payload":{"workflowId":"WnwTXrqtQtRu0zYI","workflowName":"workflow_fase-3","executionId":"53","nodeType":"n8n-nodes-base.code","nodeName":"nodo 4: detectar leyes","nodeId":"1f596134-7255-4b26-83ef-177e80a2ca09"}}
{"__type":"$$EventMessageConfirm","confirm":"0df57e93-98bf-486d-92aa-6ad91ef6570a","ts":"2026-01-21T12:03:41.444-05:00","source":{"id":"0","name":"eventBus"}}
{"__type":"$$EventMessageRunner","id":"416ff944-e173-4567-bb7f-eac6c4f960af","ts":"2026-01-21T12:03:41.445-05:00","eventName":"n8n.runner.task.requested","message":"n8n.runner.task.requested","payload":{"taskId":"JdVTOoZZ","nodeId":"1f596134-7255-4b26-83ef-177e80a2ca09","workflowId":"WnwTXrqtQtRu0zYI","executionId":"53"}}
{"__type":"$$EventMessageConfirm","confirm":"416ff944-e173-4567-bb7f-eac6c4f960af","ts":"2026-01-21T12:03:41.445-05:00","source":{"id":"0","name":"eventBus"}}
{"__type":"$$EventMessageRunner","id":"8c7e6a09-6ac2-4f0c-a31a-3dc5aef1f555","ts":"2026-01-21T12:03:41.450-05:00","eventName":"n8n.runner.response.received","message":"n8n.runner.response.received","payload":{"taskId":"JdVTOoZZ","nodeId":"1f596134-7255-4b26-83ef-177e80a2ca09","workflowId":"WnwTXrqtQtRu0zYI","executionId":"53"}}
{"__type":"$$EventMessageConfirm","confirm":"8c7e6a09-6ac2-4f0c-a31a-3dc5aef1f555","ts":"2026-01-21T12:03:41.450-05:00","source":{"id":"0","name":"eventBus"}}
{"__type":"$$EventMessageNode","id":"e8397faa-d046-492a-adad-140106497df3","ts":"2026-01-21T12:03:41.451-05:00","eventName":"n8n.node.finished","message":"n8n.node.finished","payload":{"workflowId":"WnwTXrqtQtRu0zYI","workflowName":"workflow_fase-3","executionId":"53","nodeType":"n8n-nodes-base.code","nodeName":"nodo 4: detectar leyes","nodeId":"1f596134-7255-4b26-83ef-177e80a2ca09"}}
{"__type":"$$EventMessageConfirm","confirm":"e8397faa-d046-492a-adad-140106497df3","ts":"2026-01-21T12:03:41.451-05:00","source":{"id":"0","name":"eventBus"}}
{"__type":"$$EventMessageNode","id":"06169a0d-2c9c-45ed-9d43-c6bc2cd7615b","ts":"2026-01-21T12:03:41.451-05:00","eventName":"n8n.node.started","message":"n8n.node.started","payload":{"workflowId":"WnwTXrqtQtRu0zYI","workflowName":"workflow_fase-3","executionId":"53","nodeType":"n8n-nodes-base.code","nodeName":"Enriquecimiento Threat Intel","nodeId":"c8385269-9589-4f0e-823e-03a33ae16e42"}}
{"__type":"$$EventMessageConfirm","confirm":"06169a0d-2c9c-45ed-9d43-c6bc2cd7615b","ts":"2026-01-21T12:03:41.451-05:00","source":{"id":"0","name":"eventBus"}}
{"__type":"$$EventMessageRunner","id":"92a14c54-dc8c-441f-94c1-fe13de36c409","ts":"2026-01-21T12:03:41.453-05:00","eventName":"n8n.runner.task.requested","message":"n8n.runner.task.requested","payload":{"taskId":"V68ntB9X","nodeId":"c8385269-9589-4f0e-823e-03a33ae16e42","workflowId":"WnwTXrqtQtRu0zYI","executionId":"53"}}
{"__type":"$$EventMessageConfirm","confirm":"92a14c54-dc8c-441f-94c1-fe13de36c409","ts":"2026-01-21T12:03:41.453-05:00","source":{"id":"0","name":"eventBus"}}
{"__type":"$$EventMessageRunner","id":"70bd3107-3787-4cc2-8b64-d05ac3f843a4","ts":"2026-01-21T12:03:41.459-05:00","eventName":"n8n.runner.response.received","message":"n8n.runner.response.received","payload":{"taskId":"V68ntB9X","nodeId":"c8385269-9589-4f0e-823e-03a33ae16e42","workflowId":"WnwTXrqtQtRu0zYI","executionId":"53"}}
{"__type":"$$EventMessageConfirm","confirm":"70bd3107-3787-4cc2-8b64-d05ac3f843a4","ts":"2026-01-21T12:03:41.460-05:00","source":{"id":"0","name":"eventBus"}}
{"__type":"$$EventMessageNode","id":"9a9f654d-b00e-418b-8820-e2ad8098e4fc","ts":"2026-01-21T12:03:41.460-05:00","eventName":"n8n.node.finished","message":"n8n.node.finished","payload":{"workflowId":"WnwTXrqtQtRu0zYI","workflowName":"workflow_fase-3","executionId":"53","nodeType":"n8n-nodes-base.code","nodeName":"Enriquecimiento Threat Intel","nodeId":"c8385269-9589-4f0e-823e-03a33ae16e42"}}
{"__type":"$$EventMessageConfirm","confirm":"9a9f654d-b00e-418b-8820-e2ad8098e4fc","ts":"2026-01-21T12:03:41.460-05:00","source":{"id":"0","name":"eventBus"}}
{"__type":"$$EventMessageNode","id":"841f5229-f0a2-4538-b7b3-a3940a207d46","ts":"2026-01-21T12:03:41.460-05:00","eventName":"n8n.node.started","message":"n8n.node.started","payload":{"workflowId":"WnwTXrqtQtRu0zYI","workflowName":"workflow_fase-3","executionId":"53","nodeType":"n8n-nodes-base.switch","nodeName":"Switch","nodeId":"880c72b3-8570-49a9-93fe-5c22896651e5"}}
{"__type":"$$EventMessageConfirm","confirm":"841f5229-f0a2-4538-b7b3-a3940a207d46","ts":"2026-01-21T12:03:41.460-05:00","source":{"id":"0","name":"eventBus"}}
{"__type":"$$EventMessageNode","id":"a58e62bb-4014-4415-a016-fcf16ccf6b73","ts":"2026-01-21T12:03:41.462-05:00","eventName":"n8n.node.finished","message":"n8n.node.finished","payload":{"workflowId":"WnwTXrqtQtRu0zYI","workflowName":"workflow_fase-3","executionId":"53","nodeType":"n8n-nodes-base.switch","nodeName":"Switch","nodeId":"880c72b3-8570-49a9-93fe-5c22896651e5"}}
{"__type":"$$EventMessageConfirm","confirm":"a58e62bb-4014-4415-a016-fcf16ccf6b73","ts":"2026-01-21T12:03:41.462-05:00","source":{"id":"0","name":"eventBus"}}
{"__type":"$$EventMessageNode","id":"b49a6bdf-ede1-4a56-8c66-23f82199d28d","ts":"2026-01-21T12:03:41.463-05:00","eventName":"n8n.node.started","message":"n8n.node.started","payload":{"workflowId":"WnwTXrqtQtRu0zYI","workflowName":"workflow_fase-3","executionId":"53","nodeType":"n8n-nodes-base.postgres","nodeName":"Insert rows in a table","nodeId":"c17411ee-c86c-45e3-9480-f0be3bc3651e"}}
{"__type":"$$EventMessageConfirm","confirm":"b49a6bdf-ede1-4a56-8c66-23f82199d28d","ts":"2026-01-21T12:03:41.463-05:00","source":{"id":"0","name":"eventBus"}}
{"__type":"$$EventMessageNode","id":"a201a74b-1bb6-4b45-83bb-470a20365dd6","ts":"2026-01-21T12:03:41.496-05:00","eventName":"n8n.node.finished","message":"n8n.node.finished","payload":{"workflowId":"WnwTXrqtQtRu0zYI","workflowName":"workflow_fase-3","executionId":"53","nodeType":"n8n-nodes-base.postgres","nodeName":"Insert rows in a table","nodeId":"c17411ee-c86c-45e3-9480-f0be3bc3651e"}}
{"__type":"$$EventMessageConfirm","confirm":"a201a74b-1bb6-4b45-83bb-470a20365dd6","ts":"2026-01-21T12:03:41.496-05:00","source":{"id":"0","name":"eventBus"}}
{"__type":"$$EventMessageNode","id":"18b4dbc0-69cc-4e91-ae12-6cc1311ff729","ts":"2026-01-21T12:03:41.497-05:00","eventName":"n8n.node.started","message":"n8n.node.started","payload":{"workflowId":"WnwTXrqtQtRu0zYI","workflowName":"workflow_fase-3","executionId":"53","nodeType":"n8n-nodes-base.code","nodeName":"nodo 7: notificaciones","nodeId":"71441aa7-0fe9-4784-b47a-8e384c1ceaa8"}}
{"__type":"$$EventMessageConfirm","confirm":"18b4dbc0-69cc-4e91-ae12-6cc1311ff729","ts":"2026-01-21T12:03:41.497-05:00","source":{"id":"0","name":"eventBus"}}
{"__type":"$$EventMessageRunner","id":"8ce95fad-0b86-460e-a172-2fafb116006e","ts":"2026-01-21T12:03:41.499-05:00","eventName":"n8n.runner.task.requested","message":"n8n.runner.task.requested","payload":{"taskId":"WM7syNXY","nodeId":"71441aa7-0fe9-4784-b47a-8e384c1ceaa8","workflowId":"WnwTXrqtQtRu0zYI","executionId":"53"}}
{"__type":"$$EventMessageConfirm","confirm":"8ce95fad-0b86-460e-a172-2fafb116006e","ts":"2026-01-21T12:03:41.499-05:00","source":{"id":"0","name":"eventBus"}}
{"__type":"$$EventMessageRunner","id":"b9f8d61d-43fa-469c-9f36-68fb4a5f6825","ts":"2026-01-21T12:03:41.508-05:00","eventName":"n8n.runner.response.received","message":"n8n.runner.response.received","payload":{"taskId":"WM7syNXY","nodeId":"71441aa7-0fe9-4784-b47a-8e384c1ceaa8","workflowId":"WnwTXrqtQtRu0zYI","executionId":"53"}}
{"__type":"$$EventMessageConfirm","confirm":"b9f8d61d-43fa-469c-9f36-68fb4a5f6825","ts":"2026-01-21T12:03:41.508-05:00","source":{"id":"0","name":"eventBus"}}
{"__type":"$$EventMessageNode","id":"9622abfe-ef90-4da8-b46f-ff5a02eec6d2","ts":"2026-01-21T12:03:41.508-05:00","eventName":"n8n.node.finished","message":"n8n.node.finished","payload":{"workflowId":"WnwTXrqtQtRu0zYI","workflowName":"workflow_fase-3","executionId":"53","nodeType":"n8n-nodes-base.code","nodeName":"nodo 7: notificaciones","nodeId":"71441aa7-0fe9-4784-b47a-8e384c1ceaa8"}}
{"__type":"$$EventMessageConfirm","confirm":"9622abfe-ef90-4da8-b46f-ff5a02eec6d2","ts":"2026-01-21T12:03:41.508-05:00","source":{"id":"0","name":"eventBus"}}
{"__type":"$$EventMessageNode","id":"0cd879ce-40d9-41b1-900a-9d56037e8a43","ts":"2026-01-21T12:03:41.509-05:00","eventName":"n8n.node.started","message":"n8n.node.started","payload":{"workflowId":"WnwTXrqtQtRu0zYI","workflowName":"workflow_fase-3","executionId":"53","nodeType":"n8n-nodes-base.code","nodeName":"nodo 9: resumen","nodeId":"f0b964b2-1301-407b-a2e7-650499e767f9"}}
{"__type":"$$EventMessageConfirm","confirm":"0cd879ce-40d9-41b1-900a-9d56037e8a43","ts":"2026-01-21T12:03:41.509-05:00","source":{"id":"0","name":"eventBus"}}
{"__type":"$$EventMessageRunner","id":"84e0ab08-c784-44eb-b566-43e43b0ce938","ts":"2026-01-21T12:03:41.512-05:00","eventName":"n8n.runner.task.requested","message":"n8n.runner.task.requested","payload":{"taskId":"m3EpAbSb","nodeId":"f0b964b2-1301-407b-a2e7-650499e767f9","workflowId":"WnwTXrqtQtRu0zYI","executionId":"53"}}
{"__type":"$$EventMessageConfirm","confirm":"84e0ab08-c784-44eb-b566-43e43b0ce938","ts":"2026-01-21T12:03:41.512-05:00","source":{"id":"0","name":"eventBus"}}
{"__type":"$$EventMessageRunner","id":"054f93cc-bb57-4b0f-9c89-c67a6307aeac","ts":"2026-01-21T12:03:41.519-05:00","eventName":"n8n.runner.response.received","message":"n8n.runner.response.received","payload":{"taskId":"m3EpAbSb","nodeId":"f0b964b2-1301-407b-a2e7-650499e767f9","workflowId":"WnwTXrqtQtRu0zYI","executionId":"53"}}
{"__type":"$$EventMessageConfirm","confirm":"054f93cc-bb57-4b0f-9c89-c67a6307aeac","ts":"2026-01-21T12:03:41.520-05:00","source":{"id":"0","name":"eventBus"}}
{"__type":"$$EventMessageNode","id":"cc3521df-bd12-4b69-ad29-3b63bcaf51e9","ts":"2026-01-21T12:03:41.520-05:00","eventName":"n8n.node.finished","message":"n8n.node.finished","payload":{"workflowId":"WnwTXrqtQtRu0zYI","workflowName":"workflow_fase-3","executionId":"53","nodeType":"n8n-nodes-base.code","nodeName":"nodo 9: resumen","nodeId":"f0b964b2-1301-407b-a2e7-650499e767f9"}}
{"__type":"$$EventMessageConfirm","confirm":"cc3521df-bd12-4b69-ad29-3b63bcaf51e9","ts":"2026-01-21T12:03:41.520-05:00","source":{"id":"0","name":"eventBus"}}
{"__type":"$$EventMessageNode","id":"82b4dbb3-da54-47a3-a8e7-917fef81bc25","ts":"2026-01-21T12:03:41.520-05:00","eventName":"n8n.node.started","message":"n8n.node.started","payload":{"workflowId":"WnwTXrqtQtRu0zYI","workflowName":"workflow_fase-3","executionId":"53","nodeType":"n8n-nodes-base.code","nodeName":"HTTP Request","nodeId":"cb2bce2d-31e0-44c8-9722-b8a7d3fad9a7"}}
{"__type":"$$EventMessageConfirm","confirm":"82b4dbb3-da54-47a3-a8e7-917fef81bc25","ts":"2026-01-21T12:03:41.521-05:00","source":{"id":"0","name":"eventBus"}}
{"__type":"$$EventMessageRunner","id":"45862403-4047-426e-973f-0d6a3e8e13f3","ts":"2026-01-21T12:03:41.522-05:00","eventName":"n8n.runner.task.requested","message":"n8n.runner.task.requested","payload":{"taskId":"pSLP4Ruu","nodeId":"cb2bce2d-31e0-44c8-9722-b8a7d3fad9a7","workflowId":"WnwTXrqtQtRu0zYI","executionId":"53"}}
{"__type":"$$EventMessageConfirm","confirm":"45862403-4047-426e-973f-0d6a3e8e13f3","ts":"2026-01-21T12:03:41.522-05:00","source":{"id":"0","name":"eventBus"}}
{"__type":"$$EventMessageRunner","id":"c2d11818-ec95-4278-9448-2f543121df8f","ts":"2026-01-21T12:03:41.540-05:00","eventName":"n8n.runner.response.received","message":"n8n.runner.response.received","payload":{"taskId":"pSLP4Ruu","nodeId":"cb2bce2d-31e0-44c8-9722-b8a7d3fad9a7","workflowId":"WnwTXrqtQtRu0zYI","executionId":"53"}}
{"__type":"$$EventMessageConfirm","confirm":"c2d11818-ec95-4278-9448-2f543121df8f","ts":"2026-01-21T12:03:41.541-05:00","source":{"id":"0","name":"eventBus"}}
{"__type":"$$EventMessageNode","id":"fea7ead9-e28b-4d3e-a891-990fdb717ba8","ts":"2026-01-21T12:03:41.541-05:00","eventName":"n8n.node.finished","message":"n8n.node.finished","payload":{"workflowId":"WnwTXrqtQtRu0zYI","workflowName":"workflow_fase-3","executionId":"53","nodeType":"n8n-nodes-base.code","nodeName":"HTTP Request","nodeId":"cb2bce2d-31e0-44c8-9722-b8a7d3fad9a7"}}
{"__type":"$$EventMessageConfirm","confirm":"fea7ead9-e28b-4d3e-a891-990fdb717ba8","ts":"2026-01-21T12:03:41.542-05:00","source":{"id":"0","name":"eventBus"}}
{"__type":"$$EventMessageWorkflow","id":"4551fd9c-4a05-45be-977b-312956169479","ts":"2026-01-21T12:03:41.543-05:00","eventName":"n8n.workflow.success","message":"n8n.workflow.success","payload":{"userId":"39b4cd89-0f17-463c-ad34-2c7cec5db3db","executionId":"53","success":true,"isManual":true,"workflowId":"WnwTXrqtQtRu0zYI","workflowName":"workflow_fase-3"}}
{"__type":"$$EventMessageConfirm","confirm":"4551fd9c-4a05-45be-977b-312956169479","ts":"2026-01-21T12:03:41.543-05:00","source":{"id":"0","name":"eventBus"}}
